\BOOKMARK [0][]{chapter*.1}{\376\377\000A\000c\000k\000n\000o\000w\000l\000e\000d\000g\000e\000m\000e\000n\000t}{}% 1
\BOOKMARK [0][]{chapter*.2}{\376\377\000L\000i\000s\000t\000\040\000o\000f\000\040\000F\000i\000g\000u\000r\000e\000s}{}% 2
\BOOKMARK [0][]{chapter*.3}{\376\377\000L\000i\000s\000t\000\040\000o\000f\000\040\000T\000a\000b\000l\000e\000s}{}% 3
\BOOKMARK [0][]{chapter*.5}{\376\377\000G\000e\000n\000e\000r\000a\000l\000\040\000i\000n\000t\000r\000o\000d\000u\000c\000t\000i\000o\000n}{}% 4
\BOOKMARK [0][]{chapter.1}{\376\377\000P\000r\000e\000l\000i\000m\000i\000n\000a\000r\000y\000\040\000S\000t\000u\000d\000y\000\040}{}% 5
\BOOKMARK [1][]{section*.6}{\376\377\000I\000n\000t\000r\000o\000d\000u\000c\000t\000i\000o\000n}{chapter.1}% 6
\BOOKMARK [1][]{section.1.1}{\376\377\000A\000n\000a\000l\000y\000s\000i\000s\000\040\000o\000f\000\040\000t\000h\000e\000\040\000e\000x\000i\000s\000t\000i\000n\000g}{chapter.1}% 7
\BOOKMARK [2][]{subsection.1.1.1}{\376\377\000S\000o\000c\000i\000a\000l\000\040\000m\000e\000d\000i\000a}{section.1.1}% 8
\BOOKMARK [2][]{subsection.1.1.2}{\376\377\000V\000Y\000N\000D}{section.1.1}% 9
\BOOKMARK [2][]{subsection.1.1.3}{\376\377\000Z\000o\000m\000a\000t\000o}{section.1.1}% 10
\BOOKMARK [2][]{subsection.1.1.4}{\376\377\000Y\000E\000L\000P}{section.1.1}% 11
\BOOKMARK [2][]{subsection.1.1.5}{\376\377\000C\000r\000i\000t\000i\000c\000i\000s\000m\000\040\000o\000f\000\040\000t\000h\000e\000\040\000e\000x\000i\000s\000t\000i\000n\000g}{section.1.1}% 12
\BOOKMARK [1][]{section.1.2}{\376\377\000S\000o\000l\000u\000t\000i\000o\000n\000\040\000a\000n\000d\000\040\000r\000e\000q\000u\000i\000r\000e\000m\000e\000n\000t\000s}{chapter.1}% 13
\BOOKMARK [2][]{subsection.1.2.1}{\376\377\000P\000r\000o\000p\000o\000s\000e\000d\000\040\000S\000o\000l\000u\000t\000i\000o\000n}{section.1.2}% 14
\BOOKMARK [2][]{subsection.1.2.2}{\376\377\000R\000e\000q\000u\000i\000r\000e\000m\000e\000n\000t\000s}{section.1.2}% 15
\BOOKMARK [1][]{section.1.3}{\376\377\000U\000s\000e\000d\000\040\000m\000e\000t\000h\000o\000d\000o\000l\000o\000g\000y}{chapter.1}% 16
\BOOKMARK [1][]{section.1.4}{\376\377\000U\000s\000e\000\040\000c\000a\000s\000e\000\040\000d\000i\000a\000g\000r\000a\000m}{chapter.1}% 17
\BOOKMARK [2][]{subsection.1.4.1}{\376\377\000A\000c\000t\000o\000r\000s}{section.1.4}% 18
\BOOKMARK [2][]{subsection.1.4.2}{\376\377\000M\000o\000d\000e\000l\000i\000n\000g\000\040\000L\000a\000n\000g\000u\000a\000g\000e}{section.1.4}% 19
\BOOKMARK [2][]{subsection.1.4.3}{\376\377\000G\000e\000n\000e\000r\000a\000l\000\040\000u\000s\000e\000\040\000c\000a\000s\000e\000:\000\040\000w\000e\000b}{section.1.4}% 20
\BOOKMARK [3][-]{subsubsection.1.4.3.1}{\376\377\000P\000l\000a\000c\000e\000\040\000o\000w\000n\000e\000r\000'\000s\000\040\000d\000e\000t\000a\000i\000l\000e\000d\000\040\000u\000s\000e\000\040\000c\000a\000s\000e\000\040}{subsection.1.4.3}% 21
\BOOKMARK [3][-]{subsubsection.1.4.3.2}{\376\377\000P\000l\000a\000c\000e\000\040\000m\000a\000n\000a\000g\000e\000r\000'\000s\000\040\000d\000e\000t\000a\000i\000l\000e\000d\000\040\000u\000s\000e\000\040\000c\000a\000s\000e\000\040}{subsection.1.4.3}% 22
\BOOKMARK [3][-]{subsubsection.1.4.3.3}{\376\377\000A\000d\000m\000i\000n\000i\000s\000t\000r\000a\000t\000o\000r\000'\000s\000\040\000d\000e\000t\000a\000i\000l\000e\000d\000\040\000u\000s\000e\000\040\000c\000a\000s\000e\000\040}{subsection.1.4.3}% 23
\BOOKMARK [2][]{subsection.1.4.4}{\376\377\000G\000e\000n\000e\000r\000a\000l\000\040\000u\000s\000e\000\040\000c\000a\000s\000e\000:\000\040\000m\000o\000b\000i\000l\000e}{section.1.4}% 24
\BOOKMARK [3][-]{subsubsection.1.4.4.1}{\376\377\000F\000o\000o\000d\000i\000e\000s\000'\000\040\000d\000e\000t\000a\000i\000l\000e\000d\000\040\000u\000s\000e\000\040\000c\000a\000s\000e}{subsection.1.4.4}% 25
\BOOKMARK [1][]{section.1.5}{\376\377\000S\000y\000s\000t\000e\000m\000-\000l\000e\000v\000e\000l\000\040\000s\000e\000q\000u\000e\000n\000c\000e\000\040\000d\000i\000a\000g\000r\000a\000m}{chapter.1}% 26
\BOOKMARK [1][]{section*.18}{\376\377\000C\000o\000n\000c\000l\000u\000s\000i\000o\000n}{chapter.1}% 27
\BOOKMARK [0][]{chapter.2}{\376\377\000C\000o\000n\000c\000e\000p\000t\000i\000o\000n}{}% 28
\BOOKMARK [1][]{section*.19}{\376\377\000I\000n\000t\000r\000o\000d\000u\000c\000t\000i\000o\000n}{chapter.2}% 29
\BOOKMARK [1][]{section.2.1}{\376\377\000A\000r\000c\000h\000i\000t\000e\000c\000t\000u\000r\000e\000\040\000M\000V\000C}{chapter.2}% 30
\BOOKMARK [1][]{section.2.2}{\376\377\000C\000l\000a\000s\000s\000\040\000d\000i\000a\000g\000r\000a\000m}{chapter.2}% 31
\BOOKMARK [1][]{section.2.3}{\376\377\000S\000e\000q\000u\000e\000n\000c\000e\000\040\000d\000i\000a\000g\000r\000a\000m}{chapter.2}% 32
\BOOKMARK [1][]{section*.22}{\376\377\000C\000o\000n\000c\000l\000u\000s\000i\000o\000n}{chapter.2}% 33
\BOOKMARK [0][]{chapter.3}{\376\377\000R\000e\000a\000l\000i\000z\000a\000t\000i\000o\000n}{}% 34
\BOOKMARK [1][]{section*.23}{\376\377\000I\000n\000t\000r\000o\000d\000u\000c\000t\000i\000o\000n}{chapter.3}% 35
\BOOKMARK [1][]{section.3.1}{\376\377\000C\000h\000o\000i\000c\000e\000\040\000o\000f\000\040\000t\000h\000e\000\040\000a\000r\000c\000h\000i\000t\000e\000c\000t\000u\000r\000e}{chapter.3}% 36
\BOOKMARK [1][]{section.3.2}{\376\377\000U\000s\000e\000d\000\040\000t\000e\000c\000h\000n\000o\000l\000o\000g\000i\000e\000s\000\040\000a\000n\000d\000\040\000f\000r\000a\000m\000e\000w\000o\000r\000k\000s}{chapter.3}% 37
\BOOKMARK [2][]{subsection.3.2.1}{\376\377\000J\000a\000v\000a\000\040\000E\000E\000\040\000p\000l\000a\000t\000f\000o\000r\000m}{section.3.2}% 38
\BOOKMARK [2][]{subsection.3.2.2}{\376\377\000H\000i\000b\000e\000r\000n\000a\000t\000e\000\040\000f\000r\000a\000m\000e\000w\000o\000r\000k}{section.3.2}% 39
\BOOKMARK [2][]{subsection.3.2.3}{\376\377\000S\000p\000r\000i\000n\000g\000\040\000M\000V\000C\000\040\000f\000r\000a\000m\000e\000w\000o\000r\000k}{section.3.2}% 40
\BOOKMARK [2][]{subsection.3.2.4}{\376\377\000S\000p\000r\000i\000n\000g\000\040\000s\000e\000c\000u\000r\000i\000t\000y}{section.3.2}% 41
\BOOKMARK [2][]{subsection.3.2.5}{\376\377\000B\000o\000o\000t\000s\000t\000r\000a\000p\000\040\000f\000r\000a\000m\000e\000w\000o\000r\000k}{section.3.2}% 42
\BOOKMARK [2][]{subsection.3.2.6}{\376\377\000J\000Q\000u\000e\000r\000y\000\040\000l\000i\000b\000r\000a\000r\000y}{section.3.2}% 43
\BOOKMARK [2][]{subsection.3.2.7}{\376\377\000A\000n\000d\000r\000o\000i\000d}{section.3.2}% 44
\BOOKMARK [2][]{subsection.3.2.8}{\376\377\000R\000e\000t\000r\000o\000f\000i\000t\000\040\000A\000n\000d\000r\000o\000i\000d}{section.3.2}% 45
\BOOKMARK [1][]{section.3.3}{\376\377\000U\000s\000e\000d\000\040\000s\000o\000f\000t\000w\000a\000r\000e}{chapter.3}% 46
\BOOKMARK [1][]{section.3.4}{\376\377\000I\000m\000p\000l\000e\000m\000e\000n\000t\000a\000t\000i\000o\000n}{chapter.3}% 47
\BOOKMARK [2][]{subsection.3.4.1}{\376\377\000W\000e\000b}{section.3.4}% 48
\BOOKMARK [2][]{subsection.3.4.2}{\376\377\000M\000o\000b\000i\000l\000e}{section.3.4}% 49
\BOOKMARK [1][]{section*.45}{\376\377\000C\000o\000n\000c\000l\000u\000s\000i\000o\000n}{chapter.3}% 50
\BOOKMARK [0][]{chapter*.46}{\376\377\000G\000e\000n\000e\000r\000a\000l\000\040\000c\000o\000n\000c\000l\000u\000s\000i\000o\000n}{}% 51
\BOOKMARK [0][]{chapter*.46}{\376\377\000B\000i\000b\000l\000i\000o\000g\000r\000a\000p\000h\000y}{}% 52
\BOOKMARK [0][]{chapter*.48}{\376\377\000A\000p\000p\000e\000n\000d\000i\000x\000\040\000A}{}% 53
\BOOKMARK [0][]{chapter*.50}{\376\377\000A\000p\000p\000e\000n\000d\000i\000x\000\040\000B}{}% 54
