This is pdfTeX, Version 3.14159265-2.6-1.40.18 (MiKTeX 2.9.6500 64-bit) (preloaded format=pdflatex 2018.5.7)  9 JUN 2019 12:00
entering extended mode
**./report.tex
(report.tex
LaTeX2e <2017-04-15>
Babel <3.15> and hyphenation patterns for 75 language(s) loaded.
("C:\Program Files\MiKTeX 2.9\tex\latex\base\report.cls"
Document Class: report 2014/09/29 v1.4h Standard LaTeX document class
("C:\Program Files\MiKTeX 2.9\tex\latex\base\size12.clo"
File: size12.clo 2014/09/29 v1.4h Standard LaTeX file (size option)
)
\c@part=\count79
\c@chapter=\count80
\c@section=\count81
\c@subsection=\count82
\c@subsubsection=\count83
\c@paragraph=\count84
\c@subparagraph=\count85
\c@figure=\count86
\c@table=\count87
\abovecaptionskip=\skip41
\belowcaptionskip=\skip42
\bibindent=\dimen102
)
("C:\Program Files\MiKTeX 2.9\tex\latex\base\inputenc.sty"
Package: inputenc 2015/03/17 v1.2c Input encoding file
\inpenc@prehook=\toks14
\inpenc@posthook=\toks15

("C:\Program Files\MiKTeX 2.9\tex\latex\base\utf8.def"
File: utf8.def 2017/01/28 v1.1t UTF-8 support for inputenc
Now handling font encoding OML ...
... no UTF-8 mapping file for font encoding OML
Now handling font encoding T1 ...
... processing UTF-8 mapping file for font encoding T1

("C:\Program Files\MiKTeX 2.9\tex\latex\base\t1enc.dfu"
File: t1enc.dfu 2017/01/28 v1.1t UTF-8 support for inputenc
   defining Unicode char U+00A0 (decimal 160)
   defining Unicode char U+00A1 (decimal 161)
   defining Unicode char U+00A3 (decimal 163)
   defining Unicode char U+00AB (decimal 171)
   defining Unicode char U+00AD (decimal 173)
   defining Unicode char U+00BB (decimal 187)
   defining Unicode char U+00BF (decimal 191)
   defining Unicode char U+00C0 (decimal 192)
   defining Unicode char U+00C1 (decimal 193)
   defining Unicode char U+00C2 (decimal 194)
   defining Unicode char U+00C3 (decimal 195)
   defining Unicode char U+00C4 (decimal 196)
   defining Unicode char U+00C5 (decimal 197)
   defining Unicode char U+00C6 (decimal 198)
   defining Unicode char U+00C7 (decimal 199)
   defining Unicode char U+00C8 (decimal 200)
   defining Unicode char U+00C9 (decimal 201)
   defining Unicode char U+00CA (decimal 202)
   defining Unicode char U+00CB (decimal 203)
   defining Unicode char U+00CC (decimal 204)
   defining Unicode char U+00CD (decimal 205)
   defining Unicode char U+00CE (decimal 206)
   defining Unicode char U+00CF (decimal 207)
   defining Unicode char U+00D0 (decimal 208)
   defining Unicode char U+00D1 (decimal 209)
   defining Unicode char U+00D2 (decimal 210)
   defining Unicode char U+00D3 (decimal 211)
   defining Unicode char U+00D4 (decimal 212)
   defining Unicode char U+00D5 (decimal 213)
   defining Unicode char U+00D6 (decimal 214)
   defining Unicode char U+00D8 (decimal 216)
   defining Unicode char U+00D9 (decimal 217)
   defining Unicode char U+00DA (decimal 218)
   defining Unicode char U+00DB (decimal 219)
   defining Unicode char U+00DC (decimal 220)
   defining Unicode char U+00DD (decimal 221)
   defining Unicode char U+00DE (decimal 222)
   defining Unicode char U+00DF (decimal 223)
   defining Unicode char U+00E0 (decimal 224)
   defining Unicode char U+00E1 (decimal 225)
   defining Unicode char U+00E2 (decimal 226)
   defining Unicode char U+00E3 (decimal 227)
   defining Unicode char U+00E4 (decimal 228)
   defining Unicode char U+00E5 (decimal 229)
   defining Unicode char U+00E6 (decimal 230)
   defining Unicode char U+00E7 (decimal 231)
   defining Unicode char U+00E8 (decimal 232)
   defining Unicode char U+00E9 (decimal 233)
   defining Unicode char U+00EA (decimal 234)
   defining Unicode char U+00EB (decimal 235)
   defining Unicode char U+00EC (decimal 236)
   defining Unicode char U+00ED (decimal 237)
   defining Unicode char U+00EE (decimal 238)
   defining Unicode char U+00EF (decimal 239)
   defining Unicode char U+00F0 (decimal 240)
   defining Unicode char U+00F1 (decimal 241)
   defining Unicode char U+00F2 (decimal 242)
   defining Unicode char U+00F3 (decimal 243)
   defining Unicode char U+00F4 (decimal 244)
   defining Unicode char U+00F5 (decimal 245)
   defining Unicode char U+00F6 (decimal 246)
   defining Unicode char U+00F8 (decimal 248)
   defining Unicode char U+00F9 (decimal 249)
   defining Unicode char U+00FA (decimal 250)
   defining Unicode char U+00FB (decimal 251)
   defining Unicode char U+00FC (decimal 252)
   defining Unicode char U+00FD (decimal 253)
   defining Unicode char U+00FE (decimal 254)
   defining Unicode char U+00FF (decimal 255)
   defining Unicode char U+0100 (decimal 256)
   defining Unicode char U+0101 (decimal 257)
   defining Unicode char U+0102 (decimal 258)
   defining Unicode char U+0103 (decimal 259)
   defining Unicode char U+0104 (decimal 260)
   defining Unicode char U+0105 (decimal 261)
   defining Unicode char U+0106 (decimal 262)
   defining Unicode char U+0107 (decimal 263)
   defining Unicode char U+0108 (decimal 264)
   defining Unicode char U+0109 (decimal 265)
   defining Unicode char U+010A (decimal 266)
   defining Unicode char U+010B (decimal 267)
   defining Unicode char U+010C (decimal 268)
   defining Unicode char U+010D (decimal 269)
   defining Unicode char U+010E (decimal 270)
   defining Unicode char U+010F (decimal 271)
   defining Unicode char U+0110 (decimal 272)
   defining Unicode char U+0111 (decimal 273)
   defining Unicode char U+0112 (decimal 274)
   defining Unicode char U+0113 (decimal 275)
   defining Unicode char U+0114 (decimal 276)
   defining Unicode char U+0115 (decimal 277)
   defining Unicode char U+0116 (decimal 278)
   defining Unicode char U+0117 (decimal 279)
   defining Unicode char U+0118 (decimal 280)
   defining Unicode char U+0119 (decimal 281)
   defining Unicode char U+011A (decimal 282)
   defining Unicode char U+011B (decimal 283)
   defining Unicode char U+011C (decimal 284)
   defining Unicode char U+011D (decimal 285)
   defining Unicode char U+011E (decimal 286)
   defining Unicode char U+011F (decimal 287)
   defining Unicode char U+0120 (decimal 288)
   defining Unicode char U+0121 (decimal 289)
   defining Unicode char U+0122 (decimal 290)
   defining Unicode char U+0123 (decimal 291)
   defining Unicode char U+0124 (decimal 292)
   defining Unicode char U+0125 (decimal 293)
   defining Unicode char U+0128 (decimal 296)
   defining Unicode char U+0129 (decimal 297)
   defining Unicode char U+012A (decimal 298)
   defining Unicode char U+012B (decimal 299)
   defining Unicode char U+012C (decimal 300)
   defining Unicode char U+012D (decimal 301)
   defining Unicode char U+012E (decimal 302)
   defining Unicode char U+012F (decimal 303)
   defining Unicode char U+0130 (decimal 304)
   defining Unicode char U+0131 (decimal 305)
   defining Unicode char U+0132 (decimal 306)
   defining Unicode char U+0133 (decimal 307)
   defining Unicode char U+0134 (decimal 308)
   defining Unicode char U+0135 (decimal 309)
   defining Unicode char U+0136 (decimal 310)
   defining Unicode char U+0137 (decimal 311)
   defining Unicode char U+0139 (decimal 313)
   defining Unicode char U+013A (decimal 314)
   defining Unicode char U+013B (decimal 315)
   defining Unicode char U+013C (decimal 316)
   defining Unicode char U+013D (decimal 317)
   defining Unicode char U+013E (decimal 318)
   defining Unicode char U+0141 (decimal 321)
   defining Unicode char U+0142 (decimal 322)
   defining Unicode char U+0143 (decimal 323)
   defining Unicode char U+0144 (decimal 324)
   defining Unicode char U+0145 (decimal 325)
   defining Unicode char U+0146 (decimal 326)
   defining Unicode char U+0147 (decimal 327)
   defining Unicode char U+0148 (decimal 328)
   defining Unicode char U+014A (decimal 330)
   defining Unicode char U+014B (decimal 331)
   defining Unicode char U+014C (decimal 332)
   defining Unicode char U+014D (decimal 333)
   defining Unicode char U+014E (decimal 334)
   defining Unicode char U+014F (decimal 335)
   defining Unicode char U+0150 (decimal 336)
   defining Unicode char U+0151 (decimal 337)
   defining Unicode char U+0152 (decimal 338)
   defining Unicode char U+0153 (decimal 339)
   defining Unicode char U+0154 (decimal 340)
   defining Unicode char U+0155 (decimal 341)
   defining Unicode char U+0156 (decimal 342)
   defining Unicode char U+0157 (decimal 343)
   defining Unicode char U+0158 (decimal 344)
   defining Unicode char U+0159 (decimal 345)
   defining Unicode char U+015A (decimal 346)
   defining Unicode char U+015B (decimal 347)
   defining Unicode char U+015C (decimal 348)
   defining Unicode char U+015D (decimal 349)
   defining Unicode char U+015E (decimal 350)
   defining Unicode char U+015F (decimal 351)
   defining Unicode char U+0160 (decimal 352)
   defining Unicode char U+0161 (decimal 353)
   defining Unicode char U+0162 (decimal 354)
   defining Unicode char U+0163 (decimal 355)
   defining Unicode char U+0164 (decimal 356)
   defining Unicode char U+0165 (decimal 357)
   defining Unicode char U+0168 (decimal 360)
   defining Unicode char U+0169 (decimal 361)
   defining Unicode char U+016A (decimal 362)
   defining Unicode char U+016B (decimal 363)
   defining Unicode char U+016C (decimal 364)
   defining Unicode char U+016D (decimal 365)
   defining Unicode char U+016E (decimal 366)
   defining Unicode char U+016F (decimal 367)
   defining Unicode char U+0170 (decimal 368)
   defining Unicode char U+0171 (decimal 369)
   defining Unicode char U+0172 (decimal 370)
   defining Unicode char U+0173 (decimal 371)
   defining Unicode char U+0174 (decimal 372)
   defining Unicode char U+0175 (decimal 373)
   defining Unicode char U+0176 (decimal 374)
   defining Unicode char U+0177 (decimal 375)
   defining Unicode char U+0178 (decimal 376)
   defining Unicode char U+0179 (decimal 377)
   defining Unicode char U+017A (decimal 378)
   defining Unicode char U+017B (decimal 379)
   defining Unicode char U+017C (decimal 380)
   defining Unicode char U+017D (decimal 381)
   defining Unicode char U+017E (decimal 382)
   defining Unicode char U+01CD (decimal 461)
   defining Unicode char U+01CE (decimal 462)
   defining Unicode char U+01CF (decimal 463)
   defining Unicode char U+01D0 (decimal 464)
   defining Unicode char U+01D1 (decimal 465)
   defining Unicode char U+01D2 (decimal 466)
   defining Unicode char U+01D3 (decimal 467)
   defining Unicode char U+01D4 (decimal 468)
   defining Unicode char U+01E2 (decimal 482)
   defining Unicode char U+01E3 (decimal 483)
   defining Unicode char U+01E6 (decimal 486)
   defining Unicode char U+01E7 (decimal 487)
   defining Unicode char U+01E8 (decimal 488)
   defining Unicode char U+01E9 (decimal 489)
   defining Unicode char U+01EA (decimal 490)
   defining Unicode char U+01EB (decimal 491)
   defining Unicode char U+01F0 (decimal 496)
   defining Unicode char U+01F4 (decimal 500)
   defining Unicode char U+01F5 (decimal 501)
   defining Unicode char U+0218 (decimal 536)
   defining Unicode char U+0219 (decimal 537)
   defining Unicode char U+021A (decimal 538)
   defining Unicode char U+021B (decimal 539)
   defining Unicode char U+0232 (decimal 562)
   defining Unicode char U+0233 (decimal 563)
   defining Unicode char U+1E02 (decimal 7682)
   defining Unicode char U+1E03 (decimal 7683)
   defining Unicode char U+200C (decimal 8204)
   defining Unicode char U+2010 (decimal 8208)
   defining Unicode char U+2011 (decimal 8209)
   defining Unicode char U+2012 (decimal 8210)
   defining Unicode char U+2013 (decimal 8211)
   defining Unicode char U+2014 (decimal 8212)
   defining Unicode char U+2015 (decimal 8213)
   defining Unicode char U+2018 (decimal 8216)
   defining Unicode char U+2019 (decimal 8217)
   defining Unicode char U+201A (decimal 8218)
   defining Unicode char U+201C (decimal 8220)
   defining Unicode char U+201D (decimal 8221)
   defining Unicode char U+201E (decimal 8222)
   defining Unicode char U+2030 (decimal 8240)
   defining Unicode char U+2031 (decimal 8241)
   defining Unicode char U+2039 (decimal 8249)
   defining Unicode char U+203A (decimal 8250)
   defining Unicode char U+2423 (decimal 9251)
   defining Unicode char U+1E20 (decimal 7712)
   defining Unicode char U+1E21 (decimal 7713)
)
Now handling font encoding OT1 ...
... processing UTF-8 mapping file for font encoding OT1

("C:\Program Files\MiKTeX 2.9\tex\latex\base\ot1enc.dfu"
File: ot1enc.dfu 2017/01/28 v1.1t UTF-8 support for inputenc
   defining Unicode char U+00A0 (decimal 160)
   defining Unicode char U+00A1 (decimal 161)
   defining Unicode char U+00A3 (decimal 163)
   defining Unicode char U+00AD (decimal 173)
   defining Unicode char U+00B8 (decimal 184)
   defining Unicode char U+00BF (decimal 191)
   defining Unicode char U+00C5 (decimal 197)
   defining Unicode char U+00C6 (decimal 198)
   defining Unicode char U+00D8 (decimal 216)
   defining Unicode char U+00DF (decimal 223)
   defining Unicode char U+00E6 (decimal 230)
   defining Unicode char U+00EC (decimal 236)
   defining Unicode char U+00ED (decimal 237)
   defining Unicode char U+00EE (decimal 238)
   defining Unicode char U+00EF (decimal 239)
   defining Unicode char U+00F8 (decimal 248)
   defining Unicode char U+0131 (decimal 305)
   defining Unicode char U+0141 (decimal 321)
   defining Unicode char U+0142 (decimal 322)
   defining Unicode char U+0152 (decimal 338)
   defining Unicode char U+0153 (decimal 339)
   defining Unicode char U+0174 (decimal 372)
   defining Unicode char U+0175 (decimal 373)
   defining Unicode char U+0176 (decimal 374)
   defining Unicode char U+0177 (decimal 375)
   defining Unicode char U+0218 (decimal 536)
   defining Unicode char U+0219 (decimal 537)
   defining Unicode char U+021A (decimal 538)
   defining Unicode char U+021B (decimal 539)
   defining Unicode char U+2013 (decimal 8211)
   defining Unicode char U+2014 (decimal 8212)
   defining Unicode char U+2018 (decimal 8216)
   defining Unicode char U+2019 (decimal 8217)
   defining Unicode char U+201C (decimal 8220)
   defining Unicode char U+201D (decimal 8221)
)
Now handling font encoding OMS ...
... processing UTF-8 mapping file for font encoding OMS

("C:\Program Files\MiKTeX 2.9\tex\latex\base\omsenc.dfu"
File: omsenc.dfu 2017/01/28 v1.1t UTF-8 support for inputenc
   defining Unicode char U+00A7 (decimal 167)
   defining Unicode char U+00B6 (decimal 182)
   defining Unicode char U+00B7 (decimal 183)
   defining Unicode char U+2020 (decimal 8224)
   defining Unicode char U+2021 (decimal 8225)
   defining Unicode char U+2022 (decimal 8226)
)
Now handling font encoding OMX ...
... no UTF-8 mapping file for font encoding OMX
Now handling font encoding U ...
... no UTF-8 mapping file for font encoding U
   defining Unicode char U+00A9 (decimal 169)
   defining Unicode char U+00AA (decimal 170)
   defining Unicode char U+00AE (decimal 174)
   defining Unicode char U+00BA (decimal 186)
   defining Unicode char U+02C6 (decimal 710)
   defining Unicode char U+02DC (decimal 732)
   defining Unicode char U+200C (decimal 8204)
   defining Unicode char U+2026 (decimal 8230)
   defining Unicode char U+2122 (decimal 8482)
   defining Unicode char U+2423 (decimal 9251)
))
("C:\Program Files\MiKTeX 2.9\tex\latex\colortbl\colortbl.sty"
Package: colortbl 2018/05/02 v1.0c Color table columns (DPC)

("C:\Program Files\MiKTeX 2.9\tex\latex\tools\array.sty"
Package: array 2016/10/06 v2.4d Tabular extension package (FMi)
\col@sep=\dimen103
\extrarowheight=\dimen104
\NC@list=\toks16
\extratabsurround=\skip43
\backup@length=\skip44
)
("C:\Program Files\MiKTeX 2.9\tex\latex\graphics\color.sty"
Package: color 2016/07/10 v1.1e Standard LaTeX Color (DPC)

("C:\Program Files\MiKTeX 2.9\tex\latex\graphics-cfg\color.cfg"
File: color.cfg 2016/01/02 v1.6 sample color configuration
)
Package color Info: Driver file: pdftex.def on input line 147.

("C:\Program Files\MiKTeX 2.9\tex\latex\graphics-def\pdftex.def"
File: pdftex.def 2017/06/24 v1.0g Graphics/color driver for pdftex
))
\everycr=\toks17
\minrowclearance=\skip45
)
("C:\Program Files\MiKTeX 2.9\tex\latex\url\url.sty"
\Urlmuskip=\muskip10
Package: url 2013/09/16  ver 3.4  Verb mode for urls, etc.
)
("C:\Program Files\MiKTeX 2.9\tex\latex\fancyhdr\fancyhdr.sty"
Package: fancyhdr 2017/06/30 v3.9a Extensive control of page headers and footer
s
\f@nch@headwidth=\skip46
\f@nch@O@elh=\skip47
\f@nch@O@erh=\skip48
\f@nch@O@olh=\skip49
\f@nch@O@orh=\skip50
\f@nch@O@elf=\skip51
\f@nch@O@erf=\skip52
\f@nch@O@olf=\skip53
\f@nch@O@orf=\skip54
)
("C:\Program Files\MiKTeX 2.9\tex\latex\geometry\geometry.sty"
Package: geometry 2010/09/12 v5.6 Page Geometry

("C:\Program Files\MiKTeX 2.9\tex\latex\graphics\keyval.sty"
Package: keyval 2014/10/28 v1.15 key=value parser (DPC)
\KV@toks@=\toks18
)
("C:\Program Files\MiKTeX 2.9\tex\generic\oberdiek\ifpdf.sty"
Package: ifpdf 2017/03/15 v3.2 Provides the ifpdf switch
)
("C:\Program Files\MiKTeX 2.9\tex\generic\oberdiek\ifvtex.sty"
Package: ifvtex 2016/05/16 v1.6 Detect VTeX and its facilities (HO)
Package ifvtex Info: VTeX not detected.
)
("C:\Program Files\MiKTeX 2.9\tex\generic\ifxetex\ifxetex.sty"
Package: ifxetex 2010/09/12 v0.6 Provides ifxetex conditional
)
\Gm@cnth=\count88
\Gm@cntv=\count89
\c@Gm@tempcnt=\count90
\Gm@bindingoffset=\dimen105
\Gm@wd@mp=\dimen106
\Gm@odd@mp=\dimen107
\Gm@even@mp=\dimen108
\Gm@layoutwidth=\dimen109
\Gm@layoutheight=\dimen110
\Gm@layouthoffset=\dimen111
\Gm@layoutvoffset=\dimen112
\Gm@dimlist=\toks19

("C:\Program Files\MiKTeX 2.9\tex\latex\geometry\geometry.cfg"))
("C:\Program Files\MiKTeX 2.9\tex\latex\lipsum\lipsum.sty"
Package: lipsum 2014/07/27 v1.3 150 paragraphs of Lorem Ipsum dummy text
\c@lips@count=\count91
)
("C:\Program Files\MiKTeX 2.9\tex\latex\psnfss\times.sty"
Package: times 2005/04/12 PSNFSS-v9.2a (SPQR) 
)
("C:\Program Files\MiKTeX 2.9\tex\latex\graphics\graphicx.sty"
Package: graphicx 2017/06/01 v1.1a Enhanced LaTeX Graphics (DPC,SPQR)

("C:\Program Files\MiKTeX 2.9\tex\latex\graphics\graphics.sty"
Package: graphics 2017/06/25 v1.2c Standard LaTeX Graphics (DPC,SPQR)

("C:\Program Files\MiKTeX 2.9\tex\latex\graphics\trig.sty"
Package: trig 2016/01/03 v1.10 sin cos tan (DPC)
)
("C:\Program Files\MiKTeX 2.9\tex\latex\graphics-cfg\graphics.cfg"
File: graphics.cfg 2016/06/04 v1.11 sample graphics configuration
)
Package graphics Info: Driver file: pdftex.def on input line 99.
)
\Gin@req@height=\dimen113
\Gin@req@width=\dimen114
)
("C:\Program Files\MiKTeX 2.9\tex\latex\multirow\multirow.sty"
Package: multirow 2016/11/25 v2.2 Span multiple rows of a table
\multirow@colwidth=\skip55
\multirow@cntb=\count92
\multirow@dima=\skip56
\bigstrutjot=\dimen115
)
("C:\Program Files\MiKTeX 2.9\tex\latex\wrapfig\wrapfig.sty"
\wrapoverhang=\dimen116
\WF@size=\dimen117
\c@WF@wrappedlines=\count93
\WF@box=\box26
\WF@everypar=\toks20
Package: wrapfig 2003/01/31  v 3.6
)
("C:\Program Files\MiKTeX 2.9\tex\latex\graphics\rotating.sty"
Package: rotating 2016/08/11 v2.16d rotated objects in LaTeX

("C:\Program Files\MiKTeX 2.9\tex\latex\base\ifthen.sty"
Package: ifthen 2014/09/29 v1.1c Standard LaTeX ifthen package (DPC)
)
\c@r@tfl@t=\count94
\rotFPtop=\skip57
\rotFPbot=\skip58
\rot@float@box=\box27
\rot@mess@toks=\toks21
)
("C:\Program Files\MiKTeX 2.9\tex\latex\caption\caption.sty"
Package: caption 2016/02/21 v3.3-144 Customizing captions (AR)

("C:\Program Files\MiKTeX 2.9\tex\latex\caption\caption3.sty"
Package: caption3 2016/05/22 v1.7-166 caption3 kernel (AR)
Package caption3 Info: TeX engine: e-TeX on input line 67.
\captionmargin=\dimen118
\captionmargin@=\dimen119
\captionwidth=\dimen120
\caption@tempdima=\dimen121
\caption@indent=\dimen122
\caption@parindent=\dimen123
\caption@hangindent=\dimen124
)
\c@ContinuedFloat=\count95
Package caption Info: rotating package is loaded.
Package caption Info: wrapfig package is loaded.
)
("C:\Program Files\MiKTeX 2.9\tex\latex\acro\acro.sty"
("C:\Program Files\MiKTeX 2.9\tex\latex\l3kernel\expl3.sty"
Package: expl3 2019-05-28 L3 programming layer (loader) 

("C:\Program Files\MiKTeX 2.9\tex\latex\l3kernel\expl3-code.tex"
Package: expl3 2019-05-28 L3 programming layer (code)
\c_max_int=\count96
\l_tmpa_int=\count97
\l_tmpb_int=\count98
\g_tmpa_int=\count99
\g_tmpb_int=\count100
\g__kernel_prg_map_int=\count101
\c__ior_term_ior=\count102
\c_log_iow=\count103
\l_iow_line_count_int=\count104
\l__iow_line_target_int=\count105
\l__iow_one_indent_int=\count106
\l__iow_indent_int=\count107
\c_zero_dim=\dimen125
\c_max_dim=\dimen126
\l_tmpa_dim=\dimen127
\l_tmpb_dim=\dimen128
\g_tmpa_dim=\dimen129
\g_tmpb_dim=\dimen130
\c_zero_skip=\skip59
\c_max_skip=\skip60
\l_tmpa_skip=\skip61
\l_tmpb_skip=\skip62
\g_tmpa_skip=\skip63
\g_tmpb_skip=\skip64
\c_zero_muskip=\muskip11
\c_max_muskip=\muskip12
\l_tmpa_muskip=\muskip13
\l_tmpb_muskip=\muskip14
\g_tmpa_muskip=\muskip15
\g_tmpb_muskip=\muskip16
\l_keys_choice_int=\count108
\l__intarray_loop_int=\count109
\c__intarray_sp_dim=\dimen131
\g__intarray_font_int=\count110
\c__fp_leading_shift_int=\count111
\c__fp_middle_shift_int=\count112
\c__fp_trailing_shift_int=\count113
\c__fp_big_leading_shift_int=\count114
\c__fp_big_middle_shift_int=\count115
\c__fp_big_trailing_shift_int=\count116
\c__fp_Bigg_leading_shift_int=\count117
\c__fp_Bigg_middle_shift_int=\count118
\c__fp_Bigg_trailing_shift_int=\count119
\c__kernel_randint_max_int=\count120
\g__fp_array_int=\count121
\l__fp_array_loop_int=\count122
\l__sort_length_int=\count123
\l__sort_min_int=\count124
\l__sort_top_int=\count125
\l__sort_max_int=\count126
\l__sort_true_max_int=\count127
\l__sort_block_int=\count128
\l__sort_begin_int=\count129
\l__sort_end_int=\count130
\l__sort_A_int=\count131
\l__sort_B_int=\count132
\l__sort_C_int=\count133
\l__tl_analysis_normal_int=\count134
\l__tl_analysis_index_int=\count135
\l__tl_analysis_nesting_int=\count136
\l__tl_analysis_type_int=\count137
\l__regex_internal_a_int=\count138
\l__regex_internal_b_int=\count139
\l__regex_internal_c_int=\count140
\l__regex_balance_int=\count141
\l__regex_group_level_int=\count142
\l__regex_mode_int=\count143
\c__regex_cs_in_class_mode_int=\count144
\c__regex_cs_mode_int=\count145
\l__regex_catcodes_int=\count146
\l__regex_default_catcodes_int=\count147
\c__regex_catcode_D_int=\count148
\c__regex_catcode_S_int=\count149
\c__regex_catcode_L_int=\count150
\c__regex_catcode_O_int=\count151
\c__regex_catcode_A_int=\count152
\c__regex_all_catcodes_int=\count153
\l__regex_show_lines_int=\count154
\l__regex_min_state_int=\count155
\l__regex_max_state_int=\count156
\l__regex_left_state_int=\count157
\l__regex_right_state_int=\count158
\l__regex_capturing_group_int=\count159
\l__regex_min_pos_int=\count160
\l__regex_max_pos_int=\count161
\l__regex_curr_pos_int=\count162
\l__regex_start_pos_int=\count163
\l__regex_success_pos_int=\count164
\l__regex_curr_char_int=\count165
\l__regex_curr_catcode_int=\count166
\l__regex_last_char_int=\count167
\l__regex_case_changed_char_int=\count168
\l__regex_curr_state_int=\count169
\l__regex_step_int=\count170
\l__regex_min_active_int=\count171
\l__regex_max_active_int=\count172
\l__regex_replacement_csnames_int=\count173
\l__regex_match_count_int=\count174
\l__regex_min_submatch_int=\count175
\l__regex_submatch_int=\count176
\l__regex_zeroth_submatch_int=\count177
\g__regex_trace_regex_int=\count178
\c_empty_box=\box28
\l_tmpa_box=\box29
\l_tmpb_box=\box30
\g_tmpa_box=\box31
\g_tmpb_box=\box32
\l__box_top_dim=\dimen132
\l__box_bottom_dim=\dimen133
\l__box_left_dim=\dimen134
\l__box_right_dim=\dimen135
\l__box_top_new_dim=\dimen136
\l__box_bottom_new_dim=\dimen137
\l__box_left_new_dim=\dimen138
\l__box_right_new_dim=\dimen139
\l__box_internal_box=\box33
\l__coffin_internal_box=\box34
\l__coffin_internal_dim=\dimen140
\l__coffin_offset_x_dim=\dimen141
\l__coffin_offset_y_dim=\dimen142
\l__coffin_x_dim=\dimen143
\l__coffin_y_dim=\dimen144
\l__coffin_x_prime_dim=\dimen145
\l__coffin_y_prime_dim=\dimen146
\c_empty_coffin=\box35
\l__coffin_aligned_coffin=\box36
\l__coffin_aligned_internal_coffin=\box37
\l_tmpa_coffin=\box38
\l_tmpb_coffin=\box39
\g_tmpa_coffin=\box40
\g_tmpb_coffin=\box41
\l__coffin_bounding_shift_dim=\dimen147
\l__coffin_left_corner_dim=\dimen148
\l__coffin_right_corner_dim=\dimen149
\l__coffin_bottom_corner_dim=\dimen150
\l__coffin_top_corner_dim=\dimen151
\l__coffin_scaled_total_height_dim=\dimen152
\l__coffin_scaled_width_dim=\dimen153
\c__coffin_empty_coffin=\box42
\l__coffin_display_coffin=\box43
\l__coffin_display_coord_coffin=\box44
\l__coffin_display_pole_coffin=\box45
\l__coffin_display_offset_dim=\dimen154
\l__coffin_display_x_dim=\dimen155
\l__coffin_display_y_dim=\dimen156
\g__file_internal_ior=\read1
\l__seq_internal_a_int=\count179
\l__seq_internal_b_int=\count180
\c__deprecation_minus_one=\count181
)
("C:\Program Files\MiKTeX 2.9\tex\latex\l3kernel\l3pdfmode.def"
File: l3pdfmode.def 2019-04-06 v L3 Experimental driver: PDF mode
\l__driver_internal_box=\box46
\l__driver_color_stack_int=\count182
))
("C:\Program Files\MiKTeX 2.9\tex\latex\l3packages\xparse\xparse.sty"
Package: xparse 2019-05-28 L3 Experimental document command parser
\l__xparse_current_arg_int=\count183
\g__xparse_grabber_int=\count184
\l__xparse_m_args_int=\count185
\l__xparse_v_nesting_int=\count186
)
("C:\Program Files\MiKTeX 2.9\tex\latex\l3packages\l3keys2e\l3keys2e.sty"
Package: l3keys2e 2019-05-28 LaTeX2e option processing using LaTeX3 keys
)
("C:\Program Files\MiKTeX 2.9\tex\latex\l3packages\xtemplate\xtemplate.sty"
Package: xtemplate 2019-05-28 L3 Experimental prototype document functions
\l__xtemplate_tmp_dim=\dimen157
\l__xtemplate_tmp_int=\count187
\l__xtemplate_tmp_muskip=\muskip17
\l__xtemplate_tmp_skip=\skip65
)
("C:\Program Files\MiKTeX 2.9\tex\latex\etoolbox\etoolbox.sty"
Package: etoolbox 2018/08/19 v2.5f e-TeX tools for LaTeX (JAW)
\etb@tempcnta=\count188
)
Package: acro 2019/02/17 v2.9 Typeset Acronyms
\l__acro_tmpa_int=\count189
\l__acro_tmpb_int=\count190
\l__acro_tmpc_int=\count191
\l__acro_tmpd_int=\count192
\l__acro_page_space_skip=\skip66
\l__acro_short_width_dim=\dimen158

Package xtemplate Info: Declaring object type 'acro-first' taking 2
(xtemplate)             argument(s) on line 845.


Package xtemplate Info: Declaring object type 'acro-extra' taking 1
(xtemplate)             argument(s) on line 985.


("C:\Program Files\MiKTeX 2.9\tex\latex\oberdiek\zref-abspage.sty"
Package: zref-abspage 2016/05/21 v2.26 Module abspage for zref (HO)

("C:\Program Files\MiKTeX 2.9\tex\latex\oberdiek\zref-base.sty"
Package: zref-base 2016/05/21 v2.26 Module base for zref (HO)

("C:\Program Files\MiKTeX 2.9\tex\generic\oberdiek\ltxcmds.sty"
Package: ltxcmds 2016/05/16 v1.23 LaTeX kernel commands for general use (HO)
)
("C:\Program Files\MiKTeX 2.9\tex\generic\oberdiek\infwarerr.sty"
Package: infwarerr 2016/05/16 v1.4 Providing info/warning/error messages (HO)
)
("C:\Program Files\MiKTeX 2.9\tex\generic\oberdiek\kvsetkeys.sty"
Package: kvsetkeys 2016/05/16 v1.17 Key value parser (HO)

("C:\Program Files\MiKTeX 2.9\tex\generic\oberdiek\etexcmds.sty"
Package: etexcmds 2016/05/16 v1.6 Avoid name clashes with e-TeX commands (HO)

("C:\Program Files\MiKTeX 2.9\tex\generic\oberdiek\ifluatex.sty"
Package: ifluatex 2016/05/16 v1.4 Provides the ifluatex switch (HO)
Package ifluatex Info: LuaTeX not detected.
)
Package etexcmds Info: Could not find \expanded.
(etexcmds)             That can mean that you are not using pdfTeX 1.50 or
(etexcmds)             that some package has redefined \expanded.
(etexcmds)             In the latter case, load this package earlier.
))
("C:\Program Files\MiKTeX 2.9\tex\generic\oberdiek\kvdefinekeys.sty"
Package: kvdefinekeys 2016/05/16 v1.4 Define keys (HO)
)
("C:\Program Files\MiKTeX 2.9\tex\generic\oberdiek\pdftexcmds.sty"
Package: pdftexcmds 2017/03/19 v0.25 Utility functions of pdfTeX for LuaTeX (HO
)
Package pdftexcmds Info: LuaTeX not detected.
Package pdftexcmds Info: \pdf@primitive is available.
Package pdftexcmds Info: \pdf@ifprimitive is available.
Package pdftexcmds Info: \pdfdraftmode found.
)
("C:\Program Files\MiKTeX 2.9\tex\latex\oberdiek\auxhook.sty"
Package: auxhook 2016/05/16 v1.4 Hooks for auxiliary files (HO)
)
Package zref Info: New property list: main on input line 759.
Package zref Info: New property: default on input line 760.
Package zref Info: New property: page on input line 761.
)
("C:\Program Files\MiKTeX 2.9\tex\generic\oberdiek\atbegshi.sty"
Package: atbegshi 2016/06/09 v1.18 At begin shipout hook (HO)
)
\c@abspage=\count193
Package zref Info: New property: abspage on input line 62.
)

Package xtemplate Info: Declaring object type 'acro-page-number' taking 1
(xtemplate)             argument(s) on line 1220.


Package xtemplate Info: Declaring object type 'acro-title' taking 1
(xtemplate)             argument(s) on line 1295.


Package xtemplate Info: Declaring object type 'acro-list' taking 2 argument(s)
(xtemplate)             on line 1341.

\g__acro_barrier_int=\count194

("C:\Program Files\MiKTeX 2.9\tex\latex\translations\translations.sty"
Package: translations 2017/08/31 v1.7a internationalization of LaTeX2e packages
 (CN)

("C:\Program Files\MiKTeX 2.9\tex\latex\koma-script\scrlfile.sty"
Package: scrlfile 2018/03/30 v3.25 KOMA-Script package (loading files)
)))
("C:\Program Files\MiKTeX 2.9\tex\latex\float\float.sty"
Package: float 2001/11/08 v1.3d Float enhancements (AL)
\c@float@type=\count195
\float@exts=\toks22
\float@box=\box47
\@float@everytoks=\toks23
\@floatcapt=\box48
)
("C:\Program Files\MiKTeX 2.9\tex\latex\tools\indentfirst.sty"
Package: indentfirst 1995/11/23 v1.03 Indent first paragraph (DPC)
)
("C:\Program Files\MiKTeX 2.9\tex\latex\pdfpages\pdfpages.sty"
Package: pdfpages 2017/10/31 v0.5l Insert pages of external PDF documents (AM)

("C:\Program Files\MiKTeX 2.9\tex\latex\tools\calc.sty"
Package: calc 2014/10/28 v4.3 Infix arithmetic (KKT,FJ)
\calc@Acount=\count196
\calc@Bcount=\count197
\calc@Adimen=\dimen159
\calc@Bdimen=\dimen160
\calc@Askip=\skip67
\calc@Bskip=\skip68
LaTeX Info: Redefining \setlength on input line 80.
LaTeX Info: Redefining \addtolength on input line 81.
\calc@Ccount=\count198
\calc@Cskip=\skip69
)
("C:\Program Files\MiKTeX 2.9\tex\latex\eso-pic\eso-pic.sty"
Package: eso-pic 2018/04/12 v2.0h eso-pic (RN)
)
\AM@pagewidth=\dimen161
\AM@pageheight=\dimen162

("C:\Program Files\MiKTeX 2.9\tex\latex\pdfpages\pppdftex.def"
File: pppdftex.def 2017/10/31 v0.5l Pdfpages driver for pdfTeX (AM)
)
\AM@pagebox=\box49
\AM@global@opts=\toks24
\AM@toc@title=\toks25
\c@AM@survey=\count199
\AM@templatesizebox=\box50
)
("C:\Program Files\MiKTeX 2.9\tex\latex\titlesec\titletoc.sty"
Package: titletoc 2011/12/15 v1.6 TOC entries
\ttl@leftsep=\dimen163
)
Package translations Info: No language package found. I am going to use `englis
h' as default language. on input line 161.
 (report.aux)
\openout1 = `report.aux'.

LaTeX Font Info:    Checking defaults for OML/cmm/m/it on input line 161.
LaTeX Font Info:    ... okay on input line 161.
LaTeX Font Info:    Checking defaults for T1/cmr/m/n on input line 161.
LaTeX Font Info:    ... okay on input line 161.
LaTeX Font Info:    Checking defaults for OT1/cmr/m/n on input line 161.
LaTeX Font Info:    ... okay on input line 161.
LaTeX Font Info:    Checking defaults for OMS/cmsy/m/n on input line 161.
LaTeX Font Info:    ... okay on input line 161.
LaTeX Font Info:    Checking defaults for OMX/cmex/m/n on input line 161.
LaTeX Font Info:    ... okay on input line 161.
LaTeX Font Info:    Checking defaults for U/cmr/m/n on input line 161.
LaTeX Font Info:    ... okay on input line 161.
LaTeX Font Info:    Try loading font information for OT1+ptm on input line 161.


("C:\Program Files\MiKTeX 2.9\tex\latex\psnfss\ot1ptm.fd"
File: ot1ptm.fd 2001/06/04 font definitions for OT1/ptm.
)
("C:\Program Files\MiKTeX 2.9\tex\context\base\supp-pdf.mkii"
[Loading MPS to PDF converter (version 2006.09.02).]
\scratchcounter=\count266
\scratchdimen=\dimen164
\scratchbox=\box51
\nofMPsegments=\count267
\nofMParguments=\count268
\everyMPshowfont=\toks26
\MPscratchCnt=\count269
\MPscratchDim=\dimen165
\MPnumerator=\count270
\makeMPintoPDFobject=\count271
\everyMPtoPDFconversion=\toks27
) ("C:\Program Files\MiKTeX 2.9\tex\latex\oberdiek\epstopdf-base.sty"
Package: epstopdf-base 2016/05/15 v2.6 Base part for package epstopdf

("C:\Program Files\MiKTeX 2.9\tex\latex\oberdiek\grfext.sty"
Package: grfext 2016/05/16 v1.2 Manage graphics extensions (HO)
)
("C:\Program Files\MiKTeX 2.9\tex\latex\oberdiek\kvoptions.sty"
Package: kvoptions 2016/05/16 v3.12 Key value format for package options (HO)
)
Package epstopdf-base Info: Redefining graphics rule for `.eps' on input line 4
38.
Package grfext Info: Graphics extension search list:
(grfext)             [.pdf,.png,.jpg,.mps,.jpeg,.jbig2,.jb2,.PDF,.PNG,.JPG,.JPE
G,.JBIG2,.JB2,.eps]
(grfext)             \AppendGraphicsExtensions on input line 456.
)
*geometry* driver: auto-detecting
*geometry* detected driver: pdftex
*geometry* verbose mode - [ preamble ] result:
* driver: pdftex
* paper: a4paper
* layout: <same size as paper>
* layoutoffset:(h,v)=(0.0pt,0.0pt)
* modes: 
* h-part:(L,W,R)=(72.26999pt, 452.9679pt, 72.26999pt)
* v-part:(T,H,B)=(72.26999pt, 700.50687pt, 72.26999pt)
* \paperwidth=597.50787pt
* \paperheight=845.04684pt
* \textwidth=452.9679pt
* \textheight=700.50687pt
* \oddsidemargin=0.0pt
* \evensidemargin=0.0pt
* \topmargin=-37.0pt
* \headheight=12.0pt
* \headsep=25.0pt
* \topskip=12.0pt
* \footskip=30.0pt
* \marginparwidth=35.0pt
* \marginparsep=10.0pt
* \columnsep=10.0pt
* \skip\footins=10.8pt plus 4.0pt minus 2.0pt
* \hoffset=0.0pt
* \voffset=0.0pt
* \mag=1000
* \@twocolumnfalse
* \@twosidefalse
* \@mparswitchfalse
* \@reversemarginfalse
* (1in=72.27pt=25.4mm, 1cm=28.453pt)

Package caption Info: Begin \AtBeginDocument code.
Package caption Info: float package is loaded.
Package caption Info: End \AtBeginDocument code.
Package caption Info: We need package `ragged2e' on input line 161.
("C:\Program Files\MiKTeX 2.9\tex\latex\ms\ragged2e.sty"
Package: ragged2e 2009/05/21 v2.1 ragged2e Package (MS)

("C:\Program Files\MiKTeX 2.9\tex\latex\ms\everysel.sty"
Package: everysel 2011/10/28 v1.2 EverySelectfont Package (MS)

ABD: EverySelectfont initializing macros
LaTeX Info: Redefining \selectfont on input line 126.
)
\CenteringLeftskip=\skip70
\RaggedLeftLeftskip=\skip71
\RaggedRightLeftskip=\skip72
\CenteringRightskip=\skip73
\RaggedLeftRightskip=\skip74
\RaggedRightRightskip=\skip75
\CenteringParfillskip=\skip76
\RaggedLeftParfillskip=\skip77
\RaggedRightParfillskip=\skip78
\JustifyingParfillskip=\skip79
\CenteringParindent=\skip80
\RaggedLeftParindent=\skip81
\RaggedRightParindent=\skip82
\JustifyingParindent=\skip83
)
\AtBeginShipoutBox=\box52

("C:\Program Files\MiKTeX 2.9\tex\latex\translations\dicts\translations-basic-d
ictionary-english.trsl"
File: translations-basic-dictionary-english.trsl (english translation file `tra
nslations-basic-dictionary')
)
Package translations Info: loading dictionary `translations-basic-dictionary' f
or `english'. on input line 161.

("C:\Program Files\MiKTeX 2.9\tex\latex\oberdiek\pdflscape.sty"
Package: pdflscape 2016/05/14 v0.11 Display of landscape pages in PDF (HO)

("C:\Program Files\MiKTeX 2.9\tex\latex\graphics\lscape.sty"
Package: lscape 2000/10/22 v3.01 Landscape Pages (DPC)
)
Package pdflscape Info: Auto-detected driver: pdftex on input line 81.
)

pdfTeX warning: pdflatex.exe (file ./Page-de-garde.pdf): PDF inclusion: found P
DF version <1.7>, but at most version <1.5> allowed
<Page-de-garde.pdf, id=1, pagebox=cropbox, 597.55246pt x 845.07718pt>
File: Page-de-garde.pdf Graphic file (type pdf)
<use Page-de-garde.pdf>
Package pdftex.def Info: Page-de-garde.pdf  used on input line 163. on input li
ne 163.
Package pdftex.def Info: Requested size: 597.551pt x 845.07512pt on input line 
163.


pdfTeX warning: pdflatex.exe (file ./Page-de-garde.pdf): PDF inclusion: found P
DF version <1.7>, but at most version <1.5> allowed
File: Page-de-garde.pdf Graphic file (type pdf)
<use Page-de-garde.pdf>
Package pdftex.def Info: Page-de-garde.pdf  used on input line 163. on input li
ne 163.
Package pdftex.def Info: Requested size: 597.551pt x 845.07512pt on input line 
163.


pdfTeX warning: pdflatex.exe (file ./Page-de-garde.pdf): PDF inclusion: found P
DF version <1.7>, but at most version <1.5> allowed


pdfTeX warning: pdflatex.exe (file ./Page-de-garde.pdf): PDF inclusion: found P
DF version <1.7>, but at most version <1.5> allowed
<Page-de-garde.pdf, id=4, page=1, pagebox=cropbox, 597.55246pt x 845.07718pt>
File: Page-de-garde.pdf Graphic file (type pdf)
<use Page-de-garde.pdf, page 1>
Package pdftex.def Info: Page-de-garde.pdf , page1 used on input line 163. on i
nput line 163.
Package pdftex.def Info: Requested size: 597.551pt x 845.07512pt on input line 
163.
File: Page-de-garde.pdf Graphic file (type pdf)
<use Page-de-garde.pdf, page 1>
Package pdftex.def Info: Page-de-garde.pdf , page1 used on input line 163. on i
nput line 163.
Package pdftex.def Info: Requested size: 597.57834pt x 845.1138pt on input line
 163.
File: Page-de-garde.pdf Graphic file (type pdf)
<use Page-de-garde.pdf, page 1>
Package pdftex.def Info: Page-de-garde.pdf , page1 used on input line 163. on i
nput line 163.
Package pdftex.def Info: Requested size: 597.57834pt x 845.1138pt on input line
 163.
File: Page-de-garde.pdf Graphic file (type pdf)
<use Page-de-garde.pdf, page 1>
Package pdftex.def Info: Page-de-garde.pdf , page1 used on input line 163. on i
nput line 163.
Package pdftex.def Info: Requested size: 597.57834pt x 845.1138pt on input line
 163.
File: Page-de-garde.pdf Graphic file (type pdf)
<use Page-de-garde.pdf, page 1>
Package pdftex.def Info: Page-de-garde.pdf , page1 used on input line 163. on i
nput line 163.
Package pdftex.def Info: Requested size: 597.57834pt x 845.1138pt on input line
 163.
[1

 <./Page-de-garde.pdf>]
LaTeX Font Info:    Font shape `OT1/ptm/bx/n' in size <24.88> not available
(Font)              Font shape `OT1/ptm/b/n' tried instead on input line 169.
LaTeX Font Info:    Font shape `OT1/ptm/bx/n' in size <12> not available
(Font)              Font shape `OT1/ptm/b/n' tried instead on input line 172.

Underfull \hbox (badness 10000) in paragraph at lines 172--173

 []

[1

{C:/Users/Ibtissem-pc/AppData/Local/MiKTeX/2.9/pdftex/config/pdftex.map}]
(report.toc
LaTeX Font Info:    External font `cmex10' loaded for size
(Font)              <12> on input line 9.
LaTeX Font Info:    External font `cmex10' loaded for size
(Font)              <8> on input line 9.
LaTeX Font Info:    External font `cmex10' loaded for size
(Font)              <6> on input line 9.
 [2


] [3])
\tf@toc=\write3
\openout3 = `report.toc'.

 [4] (report.lof [5


])
\tf@lof=\write4
\openout4 = `report.lof'.

 [6] (report.lot [7


])
\tf@lot=\write5
\openout5 = `report.lot'.

 [8]
LaTeX Font Info:    Font shape `OT1/ptm/bx/n' in size <17.28> not available
(Font)              Font shape `OT1/ptm/b/n' tried instead on input line 187.
 [9

] [1


]

Package Fancyhdr Warning: \fancyhead's `E' option without twoside option is use
less on input line 211.


Package Fancyhdr Warning: \fancyfoot's `E' option without twoside option is use
less on input line 212.


Package Fancyhdr Warning: \headheight is too small (12.0pt): 
 Make it at least 14.49998pt.
 We now make it that large for the rest of the document.
 This may cause the page layout to be inconsistent, however.

[2]
Chapter 1.
<images/logo_anypli.png, id=69, 602.25pt x 246.9225pt>
File: images/logo_anypli.png Graphic file (type png)
<use images/logo_anypli.png>
Package pdftex.def Info: images/logo_anypli.png  used on input line 225. on inp
ut line 225.
Package pdftex.def Info: Requested size: 216.81pt x 88.89201pt on input line 22
5.

Underfull \hbox (badness 10000) in paragraph at lines 226--226
 [][]\OT1/ptm/m/n/12 Figure 1.1: |Logo Any-pli| 
 []

[3

]
LaTeX Font Info:    Try loading font information for OMS+ptm on input line 231.

 ("C:\Program Files\MiKTeX 2.9\tex\latex\psnfss\omsptm.fd"
File: omsptm.fd 
)
LaTeX Font Info:    Font shape `OMS/ptm/m/n' in size <12> not available
(Font)              Font shape `OMS/cmsy/m/n' tried instead on input line 231.
LaTeX Font Info:    Font shape `OT1/ptm/bx/n' in size <14.4> not available
(Font)              Font shape `OT1/ptm/b/n' tried instead on input line 239.
<images/facebook.jpg, id=75, 632.3625pt x 1299.85625pt>
File: images/facebook.jpg Graphic file (type jpg)
<use images/facebook.jpg>
Package pdftex.def Info: images/facebook.jpg  used on input line 248. on input 
line 248.
Package pdftex.def Info: Requested size: 216.81pt x 445.65428pt on input line 2
48.

Underfull \hbox (badness 10000) in paragraph at lines 249--249
 []\OT1/ptm/m/n/12 Figure 1.2: |Ap-pli-ca-tion: FACE-BOOK[]| 
 []

LaTeX Font Info:    External font `cmex10' loaded for size
(Font)              <7> on input line 253.
LaTeX Font Info:    External font `cmex10' loaded for size
(Font)              <5> on input line 253.

Package Fancyhdr Warning: \headheight is too small (12.0pt): 
 Make it at least 14.49998pt.
 We now make it that large for the rest of the document.
 This may cause the page layout to be inconsistent, however.

[4 <./images/logo_anypli.png>]

Package Fancyhdr Warning: \headheight is too small (12.0pt): 
 Make it at least 14.49998pt.
 We now make it that large for the rest of the document.
 This may cause the page layout to be inconsistent, however.

[5 <./images/facebook.jpg>]
<images/googlemaps.jpg, id=84, 632.3625pt x 1299.85625pt>
File: images/googlemaps.jpg Graphic file (type jpg)
<use images/googlemaps.jpg>
Package pdftex.def Info: images/googlemaps.jpg  used on input line 259. on inpu
t line 259.
Package pdftex.def Info: Requested size: 216.81pt x 445.65428pt on input line 2
59.

Underfull \hbox (badness 10000) in paragraph at lines 260--260
 []\OT1/ptm/m/n/12 Figure 1.3: |Google maps[]| 
 []


Package Fancyhdr Warning: \headheight is too small (12.0pt): 
 Make it at least 14.49998pt.
 We now make it that large for the rest of the document.
 This may cause the page layout to be inconsistent, however.

[6

 <./images/googlemaps.jpg>]
<images/bakerydays.png, id=88, 657.2053pt x 461.47406pt>
File: images/bakerydays.png Graphic file (type png)
<use images/bakerydays.png>
Package pdftex.def Info: images/bakerydays.png  used on input line 274. on inpu
t line 274.
Package pdftex.def Info: Requested size: 505.89pt x 355.23048pt on input line 2
74.

Overfull \hbox (52.9221pt too wide) in paragraph at lines 274--275
 [][] 
 []


Underfull \hbox (badness 10000) in paragraph at lines 275--275
 []\OT1/ptm/m/n/12 Figure 1.4: |Web site: Bak-ery days[]| 
 []


Package Fancyhdr Warning: \headheight is too small (12.0pt): 
 Make it at least 14.49998pt.
 We now make it that large for the rest of the document.
 This may cause the page layout to be inconsistent, however.

[7

 <./images/bakerydays.png>]
<images/yelp.png, id=93, 996.72375pt x 638.385pt>
File: images/yelp.png Graphic file (type png)
<use images/yelp.png>
Package pdftex.def Info: images/yelp.png  used on input line 293. on input line
 293.
Package pdftex.def Info: Requested size: 361.34999pt x 231.43541pt on input lin
e 293.

Underfull \hbox (badness 7308) in paragraph at lines 294--294
 []\OT1/ptm/m/n/12 Figure 1.5: |Web ap-pli-ca-tion: Yelp (busi-ness owner)[]| 
 []

<images/yelp2.png, id=94, 1010.77625pt x 629.35126pt>
File: images/yelp2.png Graphic file (type png)
<use images/yelp2.png>
Package pdftex.def Info: images/yelp2.png  used on input line 302. on input lin
e 302.
Package pdftex.def Info: Requested size: 361.34999pt x 224.99136pt on input lin
e 302.

Underfull \hbox (badness 10000) in paragraph at lines 303--303
 []\OT1/ptm/m/n/12 Figure 1.6: |Web ap-pli-ca-tion: Yelp (user)[]| 
 []


Underfull \hbox (badness 10000) in paragraph at lines 314--314
 []\OT1/ptm/m/n/12 Table 1.1: |[] List of dis-ad-van-tages of the ex-ist-ing.| 

 []


Overfull \hbox (5.77734pt too wide) in paragraph at lines 316--341
 [] 
 []


Package Fancyhdr Warning: \headheight is too small (12.0pt): 
 Make it at least 14.49998pt.
 We now make it that large for the rest of the document.
 This may cause the page layout to be inconsistent, however.

[8 <./images/yelp.png> <./images/yelp2.png>]

Package Fancyhdr Warning: \headheight is too small (12.0pt): 
 Make it at least 14.49998pt.
 We now make it that large for the rest of the document.
 This may cause the page layout to be inconsistent, however.

[9]

Package Fancyhdr Warning: \headheight is too small (12.0pt): 
 Make it at least 14.49998pt.
 We now make it that large for the rest of the document.
 This may cause the page layout to be inconsistent, however.

[10

]
<images/scrum.png, id=107, 542.025pt x 253.69781pt>
File: images/scrum.png Graphic file (type png)
<use images/scrum.png>
Package pdftex.def Info: images/scrum.png  used on input line 371. on input lin
e 371.
Package pdftex.def Info: Requested size: 361.34999pt x 169.13661pt on input lin
e 371.

Underfull \hbox (badness 10000) in paragraph at lines 372--372
 []\OT1/ptm/m/n/12 Figure 1.7: |Scrum pro-cesses[]| 
 []


Package Fancyhdr Warning: \headheight is too small (12.0pt): 
 Make it at least 14.49998pt.
 We now make it that large for the rest of the document.
 This may cause the page layout to be inconsistent, however.

[11

 <./images/scrum.png>]
Chapter 2.

Underfull \hbox (badness 10000) in paragraph at lines 396--396
 []\OT1/ptm/m/n/12 Table 2.1: |[] List of ac-tors.| 
 []


Underfull \hbox (badness 10000) in paragraph at lines 391--418

 []

[12

]

Package Fancyhdr Warning: \headheight is too small (12.0pt): 
 Make it at least 14.49998pt.
 We now make it that large for the rest of the document.
 This may cause the page layout to be inconsistent, however.

[13]

Package Fancyhdr Warning: \headheight is too small (12.0pt): 
 Make it at least 14.49998pt.
 We now make it that large for the rest of the document.
 This may cause the page layout to be inconsistent, however.

[14]
Underfull \hbox (badness 10000) in paragraph at lines 506--506
 []\OT1/ptm/m/n/12 Table 2.2: |[] Prod-uct Back-log.| 
 []


Overfull \hbox (3.08191pt too wide) in paragraph at lines 511--511
[]|\OT1/ptm/b/n/12 Importance| 
 []


Underfull \hbox (badness 1303) in paragraph at lines 517--517
[]|\OT1/ptm/m/n/12 As an unau-tho-rized User i
 []


Underfull \hbox (badness 1303) in paragraph at lines 525--525
[]|\OT1/ptm/m/n/12 As an unau-tho-rized User i
 []


Overfull \hbox (48.62335pt too wide) in paragraph at lines 508--600
 [] 
 []


Overfull \hbox (3.08191pt too wide) in paragraph at lines 611--611
[]|\OT1/ptm/b/n/12 Importance| 
 []


Overfull \hbox (48.62335pt too wide) in paragraph at lines 608--731
 [] 
 []


Package Fancyhdr Warning: \headheight is too small (12.0pt): 
 Make it at least 14.49998pt.
 We now make it that large for the rest of the document.
 This may cause the page layout to be inconsistent, however.

[15]
Overfull \hbox (3.08191pt too wide) in paragraph at lines 742--742
[]|\OT1/ptm/b/n/12 Importance| 
 []


Underfull \hbox (badness 2229) in paragraph at lines 803--803
\OT1/ptm/m/n/12 try owner i want to view
 []


Underfull \hbox (badness 6876) in paragraph at lines 860--860
[]|\OT1/ptm/m/n/12 Manage per-sonal or-
 []


Overfull \hbox (48.62335pt too wide) in paragraph at lines 739--879
 [] 
 []


Package Fancyhdr Warning: \headheight is too small (12.0pt): 
 Make it at least 14.49998pt.
 We now make it that large for the rest of the document.
 This may cause the page layout to be inconsistent, however.

[16]

Package Fancyhdr Warning: \headheight is too small (12.0pt): 
 Make it at least 14.49998pt.
 We now make it that large for the rest of the document.
 This may cause the page layout to be inconsistent, however.

[17]
Overfull \vbox (13.09283pt too high) has occurred while \output is active []



Package Fancyhdr Warning: \headheight is too small (12.0pt): 
 Make it at least 14.49998pt.
 We now make it that large for the rest of the document.
 This may cause the page layout to be inconsistent, however.

[18]
LaTeX Font Info:    Font shape `OMS/ptm/m/n' in size <10> not available
(Font)              Font shape `OMS/cmsy/m/n' tried instead on input line 884.
<images/usecaseWeb.png, id=134, 957.5775pt x 1053.9375pt>
File: images/usecaseWeb.png Graphic file (type png)
<use images/usecaseWeb.png>
Package pdftex.def Info: images/usecaseWeb.png  used on input line 899. on inpu
t line 899.
Package pdftex.def Info: Requested size: 505.89pt x 556.79915pt on input line 8
99.

Overfull \hbox (52.9221pt too wide) in paragraph at lines 899--900
 [][] 
 []


Underfull \hbox (badness 10000) in paragraph at lines 900--900
 []\OT1/ptm/m/n/12 Figure 2.1: |Gen-eral use case: Web| 
 []


Package Fancyhdr Warning: \headheight is too small (12.0pt): 
 Make it at least 14.49998pt.
 We now make it that large for the rest of the document.
 This may cause the page layout to be inconsistent, however.

[19

]
Underfull \hbox (badness 10000) in paragraph at lines 906--906
 []\OT1/ptm/m/n/12 Table 2.3: |[] Gen-eral use case web ex-pla-na-tion| 
 []


Overfull \hbox (31.50905pt too wide) in paragraph at lines 909--948
 [] 
 []


Package Fancyhdr Warning: \headheight is too small (12.0pt): 
 Make it at least 14.49998pt.
 We now make it that large for the rest of the document.
 This may cause the page layout to be inconsistent, however.

[20 <./images/usecaseWeb.png>]
<images/UseCasemobile.png, id=142, 812.03375pt x 941.5175pt>
File: images/UseCasemobile.png Graphic file (type png)
<use images/UseCasemobile.png>
Package pdftex.def Info: images/UseCasemobile.png  used on input line 957. on i
nput line 957.
Package pdftex.def Info: Requested size: 505.89pt x 586.55064pt on input line 9
57.

Overfull \hbox (52.9221pt too wide) in paragraph at lines 957--958
 [][] 
 []


Underfull \hbox (badness 10000) in paragraph at lines 958--958
 []\OT1/ptm/m/n/12 Figure 2.2: |Gen-eral use case: Mo-bile| 
 []


Underfull \hbox (badness 10000) in paragraph at lines 963--963
 []\OT1/ptm/m/n/12 Table 2.4: |[] Gen-eral use case mo-bile ex-pla-na-tion| 
 []


Overfull \hbox (31.50905pt too wide) in paragraph at lines 966--1005
 [] 
 []


Package Fancyhdr Warning: \headheight is too small (12.0pt): 
 Make it at least 14.49998pt.
 We now make it that large for the rest of the document.
 This may cause the page layout to be inconsistent, however.

[21]

Package Fancyhdr Warning: \headheight is too small (12.0pt): 
 Make it at least 14.49998pt.
 We now make it that large for the rest of the document.
 This may cause the page layout to be inconsistent, however.

[22 <./images/UseCasemobile.png>]

Package Fancyhdr Warning: \headheight is too small (12.0pt): 
 Make it at least 14.49998pt.
 We now make it that large for the rest of the document.
 This may cause the page layout to be inconsistent, however.

[23]
Underfull \hbox (badness 10000) in paragraph at lines 1016--1016
 []\OT1/ptm/m/n/12 Table 2.5: |Pas-try class| 
 []


Overfull \hbox (11.4234pt too wide) in paragraph at lines 1019--1076
 [] 
 []


Underfull \hbox (badness 10000) in paragraph at lines 1082--1082
 []\OT1/ptm/m/n/12 Table 2.6: |User class| 
 []


Overfull \hbox (11.4234pt too wide) in paragraph at lines 1085--1107
 [] 
 []


Underfull \hbox (badness 10000) in paragraph at lines 1113--1113
 []\OT1/ptm/m/n/12 Table 2.7: |Prod-uct class| 
 []


Overfull \hbox (11.4234pt too wide) in paragraph at lines 1116--1158
 [] 
 []


Underfull \hbox (badness 10000) in paragraph at lines 1164--1164
 []\OT1/ptm/m/n/12 Table 2.8: |Or-der class| 
 []


Overfull \hbox (11.4234pt too wide) in paragraph at lines 1167--1204
 [] 
 []


Package Fancyhdr Warning: \headheight is too small (12.0pt): 
 Make it at least 14.49998pt.
 We now make it that large for the rest of the document.
 This may cause the page layout to be inconsistent, however.

[24]
Underfull \hbox (badness 10000) in paragraph at lines 1210--1210
 []\OT1/ptm/m/n/12 Table 2.9: |Re-view class| 
 []


Overfull \hbox (11.4234pt too wide) in paragraph at lines 1213--1235
 [] 
 []


Underfull \hbox (badness 10000) in paragraph at lines 1241--1241
 []\OT1/ptm/m/n/12 Table 2.10: |Com-plain class| 
 []


Overfull \hbox (11.4234pt too wide) in paragraph at lines 1244--1266
 [] 
 []


Package Fancyhdr Warning: \headheight is too small (12.0pt): 
 Make it at least 14.49998pt.
 We now make it that large for the rest of the document.
 This may cause the page layout to be inconsistent, however.

[25]
Underfull \hbox (badness 10000) in paragraph at lines 1272--1272
 []\OT1/ptm/m/n/12 Table 2.11: |Sched-ule class| 
 []


Overfull \hbox (11.4234pt too wide) in paragraph at lines 1275--1302
 [] 
 []


Underfull \hbox (badness 10000) in paragraph at lines 1308--1308
 []\OT1/ptm/m/n/12 Table 2.12: |event class| 
 []


Overfull \hbox (11.4234pt too wide) in paragraph at lines 1311--1333
 [] 
 []


Underfull \hbox (badness 10000) in paragraph at lines 1339--1339
 []\OT1/ptm/m/n/12 Table 2.13: |Ad-dress class| 
 []


Overfull \hbox (11.4234pt too wide) in paragraph at lines 1342--1364
 [] 
 []


Package Fancyhdr Warning: \headheight is too small (12.0pt): 
 Make it at least 14.49998pt.
 We now make it that large for the rest of the document.
 This may cause the page layout to be inconsistent, however.

[26]
Underfull \hbox (badness 10000) in paragraph at lines 1370--1370
 []\OT1/ptm/m/n/12 Table 2.14: |Per-sonal[]product class| 
 []


Overfull \hbox (11.4234pt too wide) in paragraph at lines 1373--1395
 [] 
 []

<images/class.png, id=163, 910.90312pt x 775.39688pt>
File: images/class.png Graphic file (type png)
<use images/class.png>
Package pdftex.def Info: images/class.png  used on input line 1406. on input li
ne 1406.
Package pdftex.def Info: Requested size: 556.47878pt x 473.70131pt on input lin
e 1406.

Overfull \hbox (103.51088pt too wide) in paragraph at lines 1406--1407
 [][] 
 []


Underfull \hbox (badness 10000) in paragraph at lines 1407--1407
 []\OT1/ptm/m/n/12 Figure 2.3: |Class Di-a-gram| 
 []


Package Fancyhdr Warning: \headheight is too small (12.0pt): 
 Make it at least 14.49998pt.
 We now make it that large for the rest of the document.
 This may cause the page layout to be inconsistent, however.

[27]
Underfull \hbox (badness 10000) in paragraph at lines 1413--1413
 []\OT1/ptm/m/n/12 Table 2.15: |[] Class di-a-gram ex-pla-na-tion| 
 []


Package Fancyhdr Warning: \headheight is too small (12.0pt): 
 Make it at least 14.49998pt.
 We now make it that large for the rest of the document.
 This may cause the page layout to be inconsistent, however.

[28 <./images/class.png>]
Underfull \hbox (badness 10000) in paragraph at lines 1478--1478
 []\OT1/ptm/m/n/12 Table 2.16: |Sprint plan-ning| 
 []


Overfull \hbox (11.42342pt too wide) in paragraph at lines 1481--1507
 [] 
 []


Package Fancyhdr Warning: \headheight is too small (12.0pt): 
 Make it at least 14.49998pt.
 We now make it that large for the rest of the document.
 This may cause the page layout to be inconsistent, however.

[29]

Package Fancyhdr Warning: \headheight is too small (12.0pt): 
 Make it at least 14.49998pt.
 We now make it that large for the rest of the document.
 This may cause the page layout to be inconsistent, however.

[30]
Chapter 3.
[31

]
<images/archi.png, id=181, 824.07875pt x 994.71625pt>
File: images/archi.png Graphic file (type png)
<use images/archi.png>
Package pdftex.def Info: images/archi.png  used on input line 1558. on input li
ne 1558.
Package pdftex.def Info: Requested size: 484.20877pt x 584.47935pt on input lin
e 1558.

Overfull \hbox (31.24088pt too wide) in paragraph at lines 1558--1559
 [][] 
 []


Underfull \hbox (badness 10000) in paragraph at lines 1559--1559
 []\OT1/ptm/m/n/12 Figure 3.1: |Project ar-chi-tec-ture| 
 []


Package Fancyhdr Warning: \headheight is too small (12.0pt): 
 Make it at least 14.49998pt.
 We now make it that large for the rest of the document.
 This may cause the page layout to be inconsistent, however.

[32]
<images/kotlin-logo.png, id=185, 1204.5pt x 1204.5pt>
File: images/kotlin-logo.png Graphic file (type png)
<use images/kotlin-logo.png>
Package pdftex.def Info: images/kotlin-logo.png  used on input line 1566. on in
put line 1566.
Package pdftex.def Info: Requested size: 57.81621pt x 57.80247pt on input line 
1566.


Package Fancyhdr Warning: \headheight is too small (12.0pt): 
 Make it at least 14.49998pt.
 We now make it that large for the rest of the document.
 This may cause the page layout to be inconsistent, however.

[33 <./images/archi.png>]
<images/kotlinjava.jpg, id=191, 828.84656pt x 229.60782pt>
File: images/kotlinjava.jpg Graphic file (type jpg)
<use images/kotlinjava.jpg>
Package pdftex.def Info: images/kotlinjava.jpg  used on input line 1573. on inp
ut line 1573.
Package pdftex.def Info: Requested size: 505.89pt x 140.14114pt on input line 1
573.

Overfull \hbox (52.9221pt too wide) in paragraph at lines 1573--1574
 [][] 
 []


Underfull \hbox (badness 10000) in paragraph at lines 1574--1574
 []\OT1/ptm/m/n/12 Figure 3.2: |Kotlin vs Java[]| 
 []

<images/PHP-logo.png, id=192, 1284.8pt x 693.59125pt>
File: images/PHP-logo.png Graphic file (type png)
<use images/PHP-logo.png>
Package pdftex.def Info: images/PHP-logo.png  used on input line 1582. on input
 line 1582.
Package pdftex.def Info: Requested size: 57.81621pt x 31.21025pt on input line 
1582.
<images/JavaScript-logo.png, id=193, 433.62pt x 433.62pt>
File: images/JavaScript-logo.png Graphic file (type png)
<use images/JavaScript-logo.png>
Package pdftex.def Info: images/JavaScript-logo.png  used on input line 1590. o
n input line 1590.
Package pdftex.def Info: Requested size: 57.81621pt x 57.81497pt on input line 
1590.

Package Fancyhdr Warning: \headheight is too small (12.0pt): 
 Make it at least 14.49998pt.
 We now make it that large for the rest of the document.
 This may cause the page layout to be inconsistent, however.

[34 <./images/kotlin-logo.png> <./images/kotlinjava.jpg> <./images/PHP-logo.png
>]
<images/android-logo.jpg, id=199, 410.53375pt x 481.8pt>
File: images/android-logo.jpg Graphic file (type jpg)
<use images/android-logo.jpg>
Package pdftex.def Info: images/android-logo.jpg  used on input line 1599. on i
nput line 1599.
Package pdftex.def Info: Requested size: 57.81621pt x 67.84853pt on input line 
1599.


Package Fancyhdr Warning: \headheight is too small (12.0pt): 
 Make it at least 14.49998pt.
 We now make it that large for the rest of the document.
 This may cause the page layout to be inconsistent, however.

[35 <./images/JavaScript-logo.png> <./images/android-logo.jpg>]
<images/LaravelLogo.png, id=205, 432.6564pt x 296.0661pt>
File: images/LaravelLogo.png Graphic file (type png)
<use images/LaravelLogo.png>
Package pdftex.def Info: images/LaravelLogo.png  used on input line 1611. on in
put line 1611.
Package pdftex.def Info: Requested size: 57.81621pt x 39.56061pt on input line 
1611.
<images/vue-logo.png, id=206, 1204.5pt x 1043.9pt>
File: images/vue-logo.png Graphic file (type png)
<use images/vue-logo.png>
Package pdftex.def Info: images/vue-logo.png  used on input line 1617. on input
 line 1617.
Package pdftex.def Info: Requested size: 57.81621pt x 50.09547pt on input line 
1617.
<images/vuetify-logo.png, id=207, 210.7875pt x 240.9pt>
File: images/vuetify-logo.png Graphic file (type png)
<use images/vuetify-logo.png>
Package pdftex.def Info: images/vuetify-logo.png  used on input line 1626. on i
nput line 1626.
Package pdftex.def Info: Requested size: 57.81621pt x 66.07309pt on input line 
1626.
<images/vuex-logo.png, id=208, 2007.5pt x 2007.5pt>
File: images/vuex-logo.png Graphic file (type png)
<use images/vuex-logo.png>
Package pdftex.def Info: images/vuex-logo.png  used on input line 1641. on inpu
t line 1641.
Package pdftex.def Info: Requested size: 57.81621pt x 57.80247pt on input line 
1641.


Package Fancyhdr Warning: \headheight is too small (12.0pt): 
 Make it at least 14.49998pt.
 We now make it that large for the rest of the document.
 This may cause the page layout to be inconsistent, however.

[36

 <./images/LaravelLogo.png> <./images/vue-logo.png> <./images/vuetify-logo.png>
]
<images/flow-vuex.png, id=215, 642.4pt x 434.62375pt>
File: images/flow-vuex.png Graphic file (type png)
<use images/flow-vuex.png>
Package pdftex.def Info: images/flow-vuex.png  used on input line 1655. on inpu
t line 1655.
Package pdftex.def Info: Requested size: 289.07999pt x 195.58551pt on input lin
e 1655.

Underfull \hbox (badness 10000) in paragraph at lines 1656--1656
 []\OT1/ptm/m/n/12 Figure 3.3: |Vuex work flow| 
 []


Package Fancyhdr Warning: \headheight is too small (12.0pt): 
 Make it at least 14.49998pt.
 We now make it that large for the rest of the document.
 This may cause the page layout to be inconsistent, however.

[37 <./images/vuex-logo.png> <./images/flow-vuex.png (PNG copy)>]
<images/Swagger-logo.png, id=220, 200.75pt x 200.75pt>
File: images/Swagger-logo.png Graphic file (type png)
<use images/Swagger-logo.png>
Package pdftex.def Info: images/Swagger-logo.png  used on input line 1663. on i
nput line 1663.
Package pdftex.def Info: Requested size: 57.81621pt x 57.81471pt on input line 
1663.
<images/aslogo.png, id=221, 220.825pt x 220.825pt>
File: images/aslogo.png Graphic file (type png)
<use images/aslogo.png>
Package pdftex.def Info: images/aslogo.png  used on input line 1671. on input l
ine 1671.
Package pdftex.def Info: Requested size: 57.81621pt x 57.8141pt on input line 1
671.
<images/vsc-logo.png, id=222, 1204.5pt x 1199.48125pt>
File: images/vsc-logo.png Graphic file (type png)
<use images/vsc-logo.png>
Package pdftex.def Info: images/vsc-logo.png  used on input line 1679. on input
 line 1679.
Package pdftex.def Info: Requested size: 57.81621pt x 57.56163pt on input line 
1679.
<images/laragonlogo.png, id=223, 192.72pt x 192.72pt>
File: images/laragonlogo.png Graphic file (type png)
<use images/laragonlogo.png>
Package pdftex.def Info: images/laragonlogo.png  used on input line 1688. on in
put line 1688.
Package pdftex.def Info: Requested size: 57.81621pt x 57.81349pt on input line 
1688.


Package Fancyhdr Warning: \headheight is too small (12.0pt): 
 Make it at least 14.49998pt.
 We now make it that large for the rest of the document.
 This may cause the page layout to be inconsistent, however.

[38

 <./images/Swagger-logo.png> <./images/aslogo.png> <./images/vsc-logo.png>]
<images/staruml.png, id=230, 461.725pt x 461.725pt>
File: images/staruml.png Graphic file (type png)
<use images/staruml.png>
Package pdftex.def Info: images/staruml.png  used on input line 1697. on input 
line 1697.
Package pdftex.def Info: Requested size: 43.36243pt x 43.35706pt on input line 
1697.

Underfull \hbox (badness 4492) in paragraph at lines 1699--1700
[][]\OT1/ptm/m/n/12 We used \OT1/ptm/b/n/12 ``Star UML'' \OT1/ptm/m/n/12 to con
-cept our dif-fer-ent ap-pli-ca-tion's di-a-
 []


Underfull \hbox (badness 3302) in paragraph at lines 1699--1700
\OT1/ptm/m/n/12 grams. Star UML is de-vel-oped by \OT1/ptm/b/n/12 ``MK-LAB''\OT
1/ptm/m/n/12 . It is an open source
 []


Underfull \hbox (badness 4108) in paragraph at lines 1699--1700
\OT1/ptm/m/n/12 project to de-velop fast, flex-i-ble, and ex-ten-si-ble UML con
-cep-tions' di-a-
 []


Underfull \hbox (badness 10000) in paragraph at lines 1699--1700

 []

<images/texstudio.png, id=231, 256.96pt x 256.96pt>
File: images/texstudio.png Graphic file (type png)
<use images/texstudio.png>
Package pdftex.def Info: images/texstudio.png  used on input line 1704. on inpu
t line 1704.
Package pdftex.def Info: Requested size: 43.36243pt x 43.3611pt on input line 1
704.
<images/sourcetreelogo.png, id=232, 256.96pt x 256.96pt>
File: images/sourcetreelogo.png Graphic file (type png)
<use images/sourcetreelogo.png>
Package pdftex.def Info: images/sourcetreelogo.png  used on input line 1711. on
 input line 1711.
Package pdftex.def Info: Requested size: 43.36243pt x 43.3611pt on input line 1
711.

Underfull \hbox (badness 5637) in paragraph at lines 1713--1713
[][]\OT1/ptm/m/n/12 A Git GUI that of-fers a vi-sual rep-re-sen-ta-tion of your
 repos-i-to-
 []


Package Fancyhdr Warning: \headheight is too small (12.0pt): 
 Make it at least 14.49998pt.
 We now make it that large for the rest of the document.
 This may cause the page layout to be inconsistent, however.

[39 <./images/laragonlogo.png (PNG copy)> <./images/staruml.png> <./images/texs
tudio.png> <./images/sourcetreelogo.png>]

Package Fancyhdr Warning: \headheight is too small (12.0pt): 
 Make it at least 14.49998pt.
 We now make it that large for the rest of the document.
 This may cause the page layout to be inconsistent, however.

[40]
Chapter 4.

Underfull \hbox (badness 10000) in paragraph at lines 1729--1729
 []\OT1/ptm/m/n/12 Table 4.1: |Back-log: Re-lease 1| 
 []


Underfull \hbox (badness 10000) in paragraph at lines 1734--1734
[]|\OT1/ptm/b/n/12 ID
 []


Underfull \hbox (badness 10000) in paragraph at lines 1734--1734
[]|\OT1/ptm/b/n/12 ID
 []


Overfull \vbox (21.75002pt too high) detected at line 1739
 []


Overfull \hbox (36.22336pt too wide) in paragraph at lines 1731--1762
 [] 
 []


Overfull \vbox (21.75002pt too high) detected at line 1822
 []


Overfull \vbox (21.75002pt too high) detected at line 1845
 []


Overfull \vbox (21.75002pt too high) detected at line 1893
 []


Overfull \vbox (21.75002pt too high) detected at line 1917
 []


Underfull \hbox (badness 10000) in paragraph at lines 1928--1929
[]|\OT1/ptm/m/n/12 Develop the activation/dis-
 []


Overfull \hbox (36.22336pt too wide) in paragraph at lines 1769--1936
 [] 
 []


Underfull \hbox (badness 7869) in paragraph at lines 1950--1952
[]|\OT1/ptm/m/n/12 Test the activation/dis-activation
 []


Overfull \vbox (21.75002pt too high) detected at line 1956
 []


Overfull \vbox (43.50002pt too high) detected at line 1980
 []


Underfull \hbox (badness 1337) in paragraph at lines 1991--1993
[]|\OT1/ptm/m/n/12 Develop the pas-try dis-activation
 []


Overfull \vbox (21.75002pt too high) detected at line 2053
 []


Overfull \vbox (21.75002pt too high) detected at line 2077
 []


Underfull \hbox (badness 5288) in paragraph at lines 2088--2090
[]|\OT1/ptm/m/n/12 Develop the archive a prod-uct
 []


Overfull \hbox (36.22336pt too wide) in paragraph at lines 1943--2103
 [] 
 []

[41

]

Package Fancyhdr Warning: \headheight is too small (12.0pt): 
 Make it at least 14.49998pt.
 We now make it that large for the rest of the document.
 This may cause the page layout to be inconsistent, however.

[42]
Overfull \vbox (10.29283pt too high) has occurred while \output is active []



Package Fancyhdr Warning: \headheight is too small (12.0pt): 
 Make it at least 14.49998pt.
 We now make it that large for the rest of the document.
 This may cause the page layout to be inconsistent, however.

[43]
<images/auth.png, id=252, 844.15375pt x 659.46375pt>
File: images/auth.png Graphic file (type png)
<use images/auth.png>
Package pdftex.def Info: images/auth.png  used on input line 2113. on input lin
e 2113.
Package pdftex.def Info: Requested size: 520.34377pt x 406.50865pt on input lin
e 2113.

Overfull \hbox (67.37587pt too wide) in paragraph at lines 2113--2114
 [][] 
 []


Underfull \hbox (badness 10000) in paragraph at lines 2114--2114
 []\OT1/ptm/m/n/12 Figure 4.1: |Use case Au-then-ti-ca-tion| 
 []


Package Fancyhdr Warning: \headheight is too small (12.0pt): 
 Make it at least 14.49998pt.
 We now make it that large for the rest of the document.
 This may cause the page layout to be inconsistent, however.

[44 <./images/auth.png>]
<images/manageAccount.png, id=257, 1012.78375pt x 587.19376pt>
File: images/manageAccount.png Graphic file (type png)
<use images/manageAccount.png>
Package pdftex.def Info: images/manageAccount.png  used on input line 2122. on 
input line 2122.
Package pdftex.def Info: Requested size: 520.34377pt x 301.68689pt on input lin
e 2122.

Overfull \hbox (67.37587pt too wide) in paragraph at lines 2122--2123
 [][] 
 []


Underfull \hbox (badness 10000) in paragraph at lines 2123--2123
 []\OT1/ptm/m/n/12 Figure 4.2: |Use case edit ac-count| 
 []

<images/editPastry.png, id=258, 1101.11375pt x 1399.2275pt>
File: images/editPastry.png Graphic file (type png)
<use images/editPastry.png>
Package pdftex.def Info: images/editPastry.png  used on input line 2129. on inp
ut line 2129.
Package pdftex.def Info: Requested size: 520.34377pt x 661.24525pt on input lin
e 2129.

Overfull \hbox (67.37587pt too wide) in paragraph at lines 2129--2130
 [][] 
 []


Underfull \hbox (badness 10000) in paragraph at lines 2130--2130
 []\OT1/ptm/m/n/12 Figure 4.3: |Use case man-age pas-tries| 
 []


Package Fancyhdr Warning: \headheight is too small (12.0pt): 
 Make it at least 14.49998pt.
 We now make it that large for the rest of the document.
 This may cause the page layout to be inconsistent, however.

[45

 <./images/manageAccount.png>]
<images/ManageProducts.png, id=264, 1134.2375pt x 1229.59375pt>
File: images/ManageProducts.png Graphic file (type png)
<use images/ManageProducts.png>
Package pdftex.def Info: images/ManageProducts.png  used on input line 2137. on
 input line 2137.
Package pdftex.def Info: Requested size: 520.34377pt x 564.10027pt on input lin
e 2137.

Overfull \hbox (67.37587pt too wide) in paragraph at lines 2137--2138
 [][] 
 []


Underfull \hbox (badness 10000) in paragraph at lines 2138--2138
 []\OT1/ptm/m/n/12 Figure 4.4: |Use case man-age prod-ucts| 
 []


Package Fancyhdr Warning: \headheight is too small (12.0pt): 
 Make it at least 14.49998pt.
 We now make it that large for the rest of the document.
 This may cause the page layout to be inconsistent, however.

[46 <./images/editPastry.png>]
Underfull \hbox (badness 10000) in paragraph at lines 2146--2146
 []\OT1/ptm/m/n/12 Table 4.2: |Use case "Au-then-ti-ca-tion" de-scrip-tion| 
 []


Package Fancyhdr Warning: \headheight is too small (12.0pt): 
 Make it at least 14.49998pt.
 We now make it that large for the rest of the document.
 This may cause the page layout to be inconsistent, however.

[47 <./images/ManageProducts.png>]

Package Fancyhdr Warning: \headheight is too small (12.0pt): 
 Make it at least 14.49998pt.
 We now make it that large for the rest of the document.
 This may cause the page layout to be inconsistent, however.

[48]
Underfull \hbox (badness 10000) in paragraph at lines 2228--2228
 []\OT1/ptm/m/n/12 Table 4.3: |Use case "Man-age ac-count" de-scrip-tion| 
 []


Underfull \hbox (badness 10000) in paragraph at lines 2272--2272
 []\OT1/ptm/m/n/12 Table 4.4: |Use case "Man-age pas-tries" de-scrip-tion| 
 []


Package Fancyhdr Warning: \headheight is too small (12.0pt): 
 Make it at least 14.49998pt.
 We now make it that large for the rest of the document.
 This may cause the page layout to be inconsistent, however.

[49]
Underfull \hbox (badness 7925) in paragraph at lines 2316--2316
 []\OT1/ptm/m/n/12 Table 4.5: |Use case "Man-age prod-ucts" de-scrip-tion| 
 []


Package Fancyhdr Warning: \headheight is too small (12.0pt): 
 Make it at least 14.49998pt.
 We now make it that large for the rest of the document.
 This may cause the page layout to be inconsistent, however.

[50]

Package Fancyhdr Warning: \headheight is too small (12.0pt): 
 Make it at least 14.49998pt.
 We now make it that large for the rest of the document.
 This may cause the page layout to be inconsistent, however.

[51]
<images/authSequence.jpg, id=286, 1160.335pt x 1371.1225pt>
File: images/authSequence.jpg Graphic file (type jpg)
<use images/authSequence.jpg>
Package pdftex.def Info: images/authSequence.jpg  used on input line 2364. on i
nput line 2364.
Package pdftex.def Info: Requested size: 505.89pt x 597.79338pt on input line 2
364.

Overfull \hbox (52.9221pt too wide) in paragraph at lines 2364--2365
 [][] 
 []


Underfull \hbox (badness 10000) in paragraph at lines 2365--2365
 []\OT1/ptm/m/n/12 Figure 4.5: |Au-then-ti-ca-tion se-quence di-a-gram| 
 []


Package Fancyhdr Warning: \headheight is too small (12.0pt): 
 Make it at least 14.49998pt.
 We now make it that large for the rest of the document.
 This may cause the page layout to be inconsistent, however.

[52 <./images/authSequence.jpg>]
<images/manageproduct.jpg, id=290, 1283.79625pt x 1812.7725pt>
File: images/manageproduct.jpg Graphic file (type jpg)
<use images/manageproduct.jpg>
Package pdftex.def Info: images/manageproduct.jpg  used on input line 2384. on 
input line 2384.
Package pdftex.def Info: Requested size: 484.20877pt x 683.71584pt on input lin
e 2384.

Overfull \hbox (31.24088pt too wide) in paragraph at lines 2384--2385
 [][] 
 []


Underfull \hbox (badness 10000) in paragraph at lines 2385--2385
 []\OT1/ptm/m/n/12 Figure 4.6: |Man-age prod-uct se-quence di-a-gram| 
 []


Package Fancyhdr Warning: \headheight is too small (12.0pt): 
 Make it at least 14.49998pt.
 We now make it that large for the rest of the document.
 This may cause the page layout to be inconsistent, however.

[53]
Overfull \vbox (14.95895pt too high) has occurred while \output is active []



Package Fancyhdr Warning: \headheight is too small (12.0pt): 
 Make it at least 14.49998pt.
 We now make it that large for the rest of the document.
 This may cause the page layout to be inconsistent, however.

[54 <./images/manageproduct.jpg>]
Underfull \hbox (badness 10000) in paragraph at lines 2391--2394

 []


Package Fancyhdr Warning: \headheight is too small (12.0pt): 
 Make it at least 14.49998pt.
 We now make it that large for the rest of the document.
 This may cause the page layout to be inconsistent, however.

[55]
Chapter 5.

Underfull \hbox (badness 10000) in paragraph at lines 2432--2432
 []\OT1/ptm/m/n/12 Table 5.1: |Back-log: Re-lease 2| 
 []


Underfull \hbox (badness 10000) in paragraph at lines 2437--2437
[]|\OT1/ptm/b/n/12 ID
 []


Underfull \hbox (badness 10000) in paragraph at lines 2437--2437
[]|\OT1/ptm/b/n/12 ID
 []


Overfull \vbox (21.75002pt too high) detected at line 2443
 []


Underfull \hbox (badness 1424) in paragraph at lines 2454--2456
[]|\OT1/ptm/m/n/12 Develop the view list of clients
 []


Overfull \hbox (36.22336pt too wide) in paragraph at lines 2434--2485
 [] 
 []


Overfull \vbox (21.75002pt too high) detected at line 2505
 []


Overfull \vbox (21.75002pt too high) detected at line 2553
 []


Overfull \vbox (21.75002pt too high) detected at line 2577
 []


Underfull \hbox (badness 7133) in paragraph at lines 2588--2590
[]|\OT1/ptm/m/n/12 Develop the list of com-plains
 []


Overfull \vbox (21.75002pt too high) detected at line 2601
 []


Overfull \hbox (36.22336pt too wide) in paragraph at lines 2492--2648
 [] 
 []


Overfull \vbox (21.75002pt too high) detected at line 2685
 []


Overfull \vbox (21.75002pt too high) detected at line 2709
 []


Overfull \vbox (21.75002pt too high) detected at line 2733
 []


Overfull \hbox (36.22336pt too wide) in paragraph at lines 2655--2756
 [] 
 []

[56

]

Package Fancyhdr Warning: \headheight is too small (12.0pt): 
 Make it at least 14.49998pt.
 We now make it that large for the rest of the document.
 This may cause the page layout to be inconsistent, however.

[57]

Package Fancyhdr Warning: \headheight is too small (12.0pt): 
 Make it at least 14.49998pt.
 We now make it that large for the rest of the document.
 This may cause the page layout to be inconsistent, however.

[58]
<images/manageClients.png, id=310, 804.00375pt x 780.9175pt>
File: images/manageClients.png Graphic file (type png)
<use images/manageClients.png>
Package pdftex.def Info: images/manageClients.png  used on input line 2767. on 
input line 2767.
Package pdftex.def Info: Requested size: 520.34377pt x 505.39784pt on input lin
e 2767.

Overfull \hbox (67.37587pt too wide) in paragraph at lines 2767--2768
 [][] 
 []


Underfull \hbox (badness 10000) in paragraph at lines 2768--2768
 []\OT1/ptm/m/n/12 Figure 5.1: |Use case Man-age clients| 
 []

<images/manageComplains.png, id=311, 821.0675pt x 700.6175pt>
File: images/manageComplains.png Graphic file (type png)
<use images/manageComplains.png>
Package pdftex.def Info: images/manageComplains.png  used on input line 2775. o
n input line 2775.
Package pdftex.def Info: Requested size: 505.89pt x 431.67365pt on input line 2
775.

Overfull \hbox (52.9221pt too wide) in paragraph at lines 2775--2776
 [][] 
 []


Underfull \hbox (badness 10000) in paragraph at lines 2776--2776
 []\OT1/ptm/m/n/12 Figure 5.2: |Use case Man-age com-plains| 
 []


Package Fancyhdr Warning: \headheight is too small (12.0pt): 
 Make it at least 14.49998pt.
 We now make it that large for the rest of the document.
 This may cause the page layout to be inconsistent, however.

[59

 <./images/manageClients.png>]

Package Fancyhdr Warning: \headheight is too small (12.0pt): 
 Make it at least 14.49998pt.
 We now make it that large for the rest of the document.
 This may cause the page layout to be inconsistent, however.

[60 <./images/manageComplains.png>]
<images/manageReports.png, id=320, 732.7375pt x 540.0175pt>
File: images/manageReports.png Graphic file (type png)
<use images/manageReports.png>
Package pdftex.def Info: images/manageReports.png  used on input line 2784. on 
input line 2784.
Package pdftex.def Info: Requested size: 390.25755pt x 287.61694pt on input lin
e 2784.

Underfull \hbox (badness 10000) in paragraph at lines 2785--2785
 []\OT1/ptm/m/n/12 Figure 5.3: |Use case Man-age re-ports| 
 []

<images/manageEvents.png, id=321, 692.5875pt x 394.47375pt>
File: images/manageEvents.png Graphic file (type png)
<use images/manageEvents.png>
Package pdftex.def Info: images/manageEvents.png  used on input line 2792. on i
nput line 2792.
Package pdftex.def Info: Requested size: 390.25755pt x 222.28218pt on input lin
e 2792.

Underfull \hbox (badness 10000) in paragraph at lines 2793--2793
 []\OT1/ptm/m/n/12 Figure 5.4: |Use case Man-age events| 
 []


Package Fancyhdr Warning: \headheight is too small (12.0pt): 
 Make it at least 14.49998pt.
 We now make it that large for the rest of the document.
 This may cause the page layout to be inconsistent, however.

[61

 <./images/manageReports.png> <./images/manageEvents.png>]
Underfull \hbox (badness 10000) in paragraph at lines 2802--2802
 []\OT1/ptm/m/n/12 Table 5.2: |Use case "Man-age clients" de-scrip-tion| 
 []


Underfull \hbox (badness 7030) in paragraph at lines 2852--2852
 []\OT1/ptm/m/n/12 Table 5.3: |Use case "Man-age com-plains" de-scrip-tion| 
 []


Package Fancyhdr Warning: \headheight is too small (12.0pt): 
 Make it at least 14.49998pt.
 We now make it that large for the rest of the document.
 This may cause the page layout to be inconsistent, however.

[62]
Underfull \hbox (badness 10000) in paragraph at lines 2904--2904
 []\OT1/ptm/m/n/12 Table 5.4: |Use case "Man-age re-ports" de-scrip-tion| 
 []


Package Fancyhdr Warning: \headheight is too small (12.0pt): 
 Make it at least 14.49998pt.
 We now make it that large for the rest of the document.
 This may cause the page layout to be inconsistent, however.

[63]
Underfull \hbox (badness 10000) in paragraph at lines 2953--2953
 []\OT1/ptm/m/n/12 Table 5.5: |Use case "Man-age events" de-scrip-tion| 
 []


Package Fancyhdr Warning: \headheight is too small (12.0pt): 
 Make it at least 14.49998pt.
 We now make it that large for the rest of the document.
 This may cause the page layout to be inconsistent, however.

[64]

Package Fancyhdr Warning: \headheight is too small (12.0pt): 
 Make it at least 14.49998pt.
 We now make it that large for the rest of the document.
 This may cause the page layout to be inconsistent, however.

[65]
<images/managecomplains.jpg, id=340, 1052.93375pt x 979.66pt>
File: images/managecomplains.jpg Graphic file (type jpg)
<use images/managecomplains.jpg>
Package pdftex.def Info: images/managecomplains.jpg  used on input line 3008. o
n input line 3008.
Package pdftex.def Info: Requested size: 505.89pt x 470.69487pt on input line 3
008.

Overfull \hbox (52.9221pt too wide) in paragraph at lines 3008--3009
 [][] 
 []


Underfull \hbox (badness 10000) in paragraph at lines 3009--3009
 []\OT1/ptm/m/n/12 Figure 5.5: |Man-age com-plains se-quence di-a-gram| 
 []


Package Fancyhdr Warning: \headheight is too small (12.0pt): 
 Make it at least 14.49998pt.
 We now make it that large for the rest of the document.
 This may cause the page layout to be inconsistent, however.

[66 <./images/managecomplains.jpg>]
<images/managerepors.jpg, id=344, 1202.4925pt x 989.6975pt>
File: images/managerepors.jpg Graphic file (type jpg)
<use images/managerepors.jpg>
Package pdftex.def Info: images/managerepors.jpg  used on input line 3018. on i
nput line 3018.
Package pdftex.def Info: Requested size: 505.89pt x 416.36479pt on input line 3
018.

Overfull \hbox (52.9221pt too wide) in paragraph at lines 3018--3019
 [][] 
 []


Underfull \hbox (badness 10000) in paragraph at lines 3019--3019
 []\OT1/ptm/m/n/12 Figure 5.6: |Man-age re-ports se-quence di-a-gram| 
 []


Package Fancyhdr Warning: \headheight is too small (12.0pt): 
 Make it at least 14.49998pt.
 We now make it that large for the rest of the document.
 This may cause the page layout to be inconsistent, however.

[67

 <./images/managerepors.jpg>]
Underfull \hbox (badness 10000) in paragraph at lines 3026--3027

 []


Package Fancyhdr Warning: \headheight is too small (12.0pt): 
 Make it at least 14.49998pt.
 We now make it that large for the rest of the document.
 This may cause the page layout to be inconsistent, however.

[68

]
Chapter 6.

Underfull \hbox (badness 10000) in paragraph at lines 3065--3065
 []\OT1/ptm/m/n/12 Table 6.1: |Back-log: Re-lease 3| 
 []


Underfull \hbox (badness 10000) in paragraph at lines 3070--3070
[]|\OT1/ptm/b/n/12 ID
 []


Underfull \hbox (badness 10000) in paragraph at lines 3070--3070
[]|\OT1/ptm/b/n/12 ID
 []


Overfull \hbox (36.22336pt too wide) in paragraph at lines 3067--3100
 [] 
 []


Overfull \vbox (21.75002pt too high) detected at line 3113
 []


Overfull \hbox (4.21121pt too wide) in paragraph at lines 3141--3141
[]|\OT1/ptm/m/n/12 10.1.A| 
 []


Overfull \hbox (3.55116pt too wide) in paragraph at lines 3148--3148
[]|\OT1/ptm/m/n/12 10.1.B| 
 []


Overfull \hbox (3.55116pt too wide) in paragraph at lines 3155--3155
[]|\OT1/ptm/m/n/12 10.1.C| 
 []


Overfull \vbox (21.75002pt too high) detected at line 3162
 []


Overfull \hbox (4.21121pt too wide) in paragraph at lines 3165--3165
[]|\OT1/ptm/m/n/12 10.2.A| 
 []


Overfull \hbox (3.55116pt too wide) in paragraph at lines 3172--3172
[]|\OT1/ptm/m/n/12 10.2.B| 
 []


Overfull \hbox (3.55116pt too wide) in paragraph at lines 3179--3179
[]|\OT1/ptm/m/n/12 10.2.C| 
 []


Overfull \vbox (21.75002pt too high) detected at line 3186
 []


Overfull \hbox (4.21121pt too wide) in paragraph at lines 3189--3189
[]|\OT1/ptm/m/n/12 11.1.A| 
 []


Overfull \hbox (3.55116pt too wide) in paragraph at lines 3196--3196
[]|\OT1/ptm/m/n/12 11.1.B| 
 []


Overfull \hbox (3.55116pt too wide) in paragraph at lines 3203--3203
[]|\OT1/ptm/m/n/12 11.1.C| 
 []


Overfull \hbox (4.21121pt too wide) in paragraph at lines 3213--3213
[]|\OT1/ptm/m/n/12 12.1.A| 
 []


Overfull \hbox (3.55116pt too wide) in paragraph at lines 3220--3220
[]|\OT1/ptm/m/n/12 12.1.B| 
 []


Overfull \hbox (3.55116pt too wide) in paragraph at lines 3227--3227
[]|\OT1/ptm/m/n/12 12.1.C| 
 []


Overfull \hbox (4.21121pt too wide) in paragraph at lines 3237--3237
[]|\OT1/ptm/m/n/12 12.2.A| 
 []


Overfull \hbox (3.55116pt too wide) in paragraph at lines 3244--3244
[]|\OT1/ptm/m/n/12 12.2.B| 
 []


Overfull \hbox (3.55116pt too wide) in paragraph at lines 3251--3251
[]|\OT1/ptm/m/n/12 12.2.C| 
 []


Overfull \hbox (36.22336pt too wide) in paragraph at lines 3108--3255
 [] 
 []


Overfull \hbox (4.21121pt too wide) in paragraph at lines 3272--3272
[]|\OT1/ptm/m/n/12 13.1.A| 
 []


Overfull \hbox (3.55116pt too wide) in paragraph at lines 3279--3279
[]|\OT1/ptm/m/n/12 13.1.B| 
 []


Overfull \hbox (3.55116pt too wide) in paragraph at lines 3286--3286
[]|\OT1/ptm/m/n/12 13.1.C| 
 []


Overfull \hbox (4.21121pt too wide) in paragraph at lines 3296--3296
[]|\OT1/ptm/m/n/12 13.2.A| 
 []


Overfull \hbox (3.55116pt too wide) in paragraph at lines 3303--3303
[]|\OT1/ptm/m/n/12 13.2.B| 
 []


Overfull \hbox (3.55116pt too wide) in paragraph at lines 3310--3310
[]|\OT1/ptm/m/n/12 13.2.C| 
 []


Overfull \hbox (4.21121pt too wide) in paragraph at lines 3320--3320
[]|\OT1/ptm/m/n/12 13.3.A| 
 []


Overfull \hbox (3.55116pt too wide) in paragraph at lines 3327--3327
[]|\OT1/ptm/m/n/12 13.3.B| 
 []


Overfull \hbox (3.55116pt too wide) in paragraph at lines 3334--3334
[]|\OT1/ptm/m/n/12 13.3.C| 
 []


Overfull \vbox (21.75002pt too high) detected at line 3341
 []


Overfull \hbox (4.21121pt too wide) in paragraph at lines 3344--3344
[]|\OT1/ptm/m/n/12 13.4.A| 
 []


Overfull \hbox (3.55116pt too wide) in paragraph at lines 3351--3351
[]|\OT1/ptm/m/n/12 13.4.B| 
 []


Overfull \hbox (3.55116pt too wide) in paragraph at lines 3358--3358
[]|\OT1/ptm/m/n/12 13.4.C| 
 []


Underfull \hbox (badness 3668) in paragraph at lines 3359--3361
[]|\OT1/ptm/m/n/12 Test the change state of or-der
 []


Overfull \hbox (4.21121pt too wide) in paragraph at lines 3368--3368
[]|\OT1/ptm/m/n/12 14.1.A| 
 []


Overfull \hbox (3.55116pt too wide) in paragraph at lines 3375--3375
[]|\OT1/ptm/m/n/12 14.1.B| 
 []


Underfull \hbox (badness 2326) in paragraph at lines 3376--3378
[]|\OT1/ptm/m/n/12 Develop the add per-sonal or-der
 []


Overfull \hbox (3.55116pt too wide) in paragraph at lines 3382--3382
[]|\OT1/ptm/m/n/12 14.1.C| 
 []


Overfull \vbox (21.75002pt too high) detected at line 3389
 []


Overfull \hbox (4.21121pt too wide) in paragraph at lines 3392--3392
[]|\OT1/ptm/m/n/12 14.2.A| 
 []


Overfull \hbox (3.55116pt too wide) in paragraph at lines 3399--3399
[]|\OT1/ptm/m/n/12 14.2.B| 
 []


Overfull \hbox (3.55116pt too wide) in paragraph at lines 3406--3406
[]|\OT1/ptm/m/n/12 14.2.C| 
 []


Underfull \hbox (badness 2384) in paragraph at lines 3407--3408
[]|\OT1/ptm/m/n/12 Test the list of per-sonal or-ders
 []


Overfull \hbox (36.22336pt too wide) in paragraph at lines 3263--3412
 [] 
 []

[69

]

Package Fancyhdr Warning: \headheight is too small (12.0pt): 
 Make it at least 14.49998pt.
 We now make it that large for the rest of the document.
 This may cause the page layout to be inconsistent, however.

[70]
Overfull \vbox (10.69284pt too high) has occurred while \output is active []



Package Fancyhdr Warning: \headheight is too small (12.0pt): 
 Make it at least 14.49998pt.
 We now make it that large for the rest of the document.
 This may cause the page layout to be inconsistent, however.

[71]
<images/manageReviews.png, id=361, 684.5575pt x 427.5975pt>
File: images/manageReviews.png Graphic file (type png)
<use images/manageReviews.png>
Package pdftex.def Info: images/manageReviews.png  used on input line 3423. on 
input line 3423.
Package pdftex.def Info: Requested size: 361.34999pt x 225.71867pt on input lin
e 3423.

Underfull \hbox (badness 10000) in paragraph at lines 3424--3424
 []\OT1/ptm/m/n/12 Figure 6.1: |Man-age re-views use case| 
 []

<images/manageratings.png, id=362, 684.5575pt x 427.5975pt>
File: images/manageratings.png Graphic file (type png)
<use images/manageratings.png>
Package pdftex.def Info: images/manageratings.png  used on input line 3431. on 
input line 3431.
Package pdftex.def Info: Requested size: 361.34999pt x 225.71867pt on input lin
e 3431.

Underfull \hbox (badness 10000) in paragraph at lines 3432--3432
 []\OT1/ptm/m/n/12 Figure 6.2: |Man-age rat-ings use case| 
 []

<images/statistics.png, id=363, 676.5275pt x 596.2275pt>
File: images/statistics.png Graphic file (type png)
<use images/statistics.png>
Package pdftex.def Info: images/statistics.png  used on input line 3439. on inp
ut line 3439.
Package pdftex.def Info: Requested size: 505.89pt x 445.85945pt on input line 3
439.

Overfull \hbox (52.9221pt too wide) in paragraph at lines 3439--3440
 [][] 
 []


Underfull \hbox (badness 10000) in paragraph at lines 3440--3440
 []\OT1/ptm/m/n/12 Figure 6.3: |Statis-tics use case| 
 []


Package Fancyhdr Warning: \headheight is too small (12.0pt): 
 Make it at least 14.49998pt.
 We now make it that large for the rest of the document.
 This may cause the page layout to be inconsistent, however.

[72 <./images/manageReviews.png> <./images/manageratings.png>]

Package Fancyhdr Warning: \headheight is too small (12.0pt): 
 Make it at least 14.49998pt.
 We now make it that large for the rest of the document.
 This may cause the page layout to be inconsistent, however.

[73 <./images/statistics.png>]
<images/manageCart.png, id=373, 732.7375pt x 483.8075pt>
File: images/manageCart.png Graphic file (type png)
<use images/manageCart.png>
Package pdftex.def Info: images/manageCart.png  used on input line 3449. on inp
ut line 3449.
Package pdftex.def Info: Requested size: 361.34999pt x 238.5885pt on input line
 3449.

Underfull \hbox (badness 10000) in paragraph at lines 3450--3450
 []\OT1/ptm/m/n/12 Figure 6.4: |Man-age cart use case| 
 []

<images/manageorders.png, id=374, 748.7975pt x 564.1075pt>
File: images/manageorders.png Graphic file (type png)
<use images/manageorders.png>
Package pdftex.def Info: images/manageorders.png  used on input line 3458. on i
nput line 3458.
Package pdftex.def Info: Requested size: 390.25755pt x 294.00037pt on input lin
e 3458.

Underfull \hbox (badness 10000) in paragraph at lines 3459--3459
 []\OT1/ptm/m/n/12 Figure 6.5: |Man-age or-ders use case| 
 []


Package Fancyhdr Warning: \headheight is too small (12.0pt): 
 Make it at least 14.49998pt.
 We now make it that large for the rest of the document.
 This may cause the page layout to be inconsistent, however.

[74

 <./images/manageCart.png> <./images/manageorders.png>]
<images/manageporders.png, id=380, 676.5275pt x 475.7775pt>
File: images/manageporders.png Graphic file (type png)
<use images/manageporders.png>
Package pdftex.def Info: images/manageporders.png  used on input line 3468. on 
input line 3468.
Package pdftex.def Info: Requested size: 433.62pt x 304.95392pt on input line 3
468.

Underfull \hbox (badness 10000) in paragraph at lines 3469--3469
 []\OT1/ptm/m/n/12 Figure 6.6: |Man-age per-sonal or-ders use case| 
 []


Underfull \hbox (badness 10000) in paragraph at lines 3479--3479
 []\OT1/ptm/m/n/12 Table 6.2: |Use case "Man-age re-views" de-scrip-tion| 
 []


Package Fancyhdr Warning: \headheight is too small (12.0pt): 
 Make it at least 14.49998pt.
 We now make it that large for the rest of the document.
 This may cause the page layout to be inconsistent, however.

[75

 <./images/manageporders.png>]
Underfull \hbox (badness 10000) in paragraph at lines 3542--3542
 []\OT1/ptm/m/n/12 Table 6.3: |Use case "Man-age rat-ings" de-scrip-tion| 
 []


Underfull \hbox (badness 10000) in paragraph at lines 3586--3586
 []\OT1/ptm/m/n/12 Table 6.4: |Use case "Statis-tics" de-scrip-tion| 
 []


Package Fancyhdr Warning: \headheight is too small (12.0pt): 
 Make it at least 14.49998pt.
 We now make it that large for the rest of the document.
 This may cause the page layout to be inconsistent, however.

[76]
Underfull \hbox (badness 10000) in paragraph at lines 3629--3629
 []\OT1/ptm/m/n/12 Table 6.5: |Use case "Man-age cart" de-scrip-tion| 
 []


Underfull \hbox (badness 10000) in paragraph at lines 3674--3674
 []\OT1/ptm/m/n/12 Table 6.6: |Use case "Man-age or-ders" de-scrip-tion| 
 []


Package Fancyhdr Warning: \headheight is too small (12.0pt): 
 Make it at least 14.49998pt.
 We now make it that large for the rest of the document.
 This may cause the page layout to be inconsistent, however.

[77]
Underfull \hbox (badness 4752) in paragraph at lines 3721--3721
 []\OT1/ptm/m/n/12 Table 6.7: |Use case "Man-age per-sonal or-ders" de-scrip-ti
on| 
 []


Package Fancyhdr Warning: \headheight is too small (12.0pt): 
 Make it at least 14.49998pt.
 We now make it that large for the rest of the document.
 This may cause the page layout to be inconsistent, however.

[78]

Package Fancyhdr Warning: \headheight is too small (12.0pt): 
 Make it at least 14.49998pt.
 We now make it that large for the rest of the document.
 This may cause the page layout to be inconsistent, however.

[79] [80

] (report.bbl)

Package caption Warning: Unused \captionsetup[table] on input line 313.
See the caption package documentation for explanation.

[81


] (report.aux) ) 
Here is how much of TeX's memory you used:
 19293 strings out of 493312
 385169 string characters out of 3138882
 520279 words of memory out of 3000000
 22601 multiletter control sequences out of 15000+200000
 552847 words of font info for 56 fonts, out of 3000000 for 9000
 1141 hyphenation exceptions out of 8191
 43i,18n,63p,794b,429s stack positions out of 5000i,500n,10000p,200000b,50000s
{C:/Program Files/MiKTeX 2.9/fonts/enc/dvips/base/8r.enc}<C:/Pr
ogram Files/MiKTeX 2.9/fonts/type1/public/amsfonts/cm/cmsy10.pfb><C:/Program Fi
les/MiKTeX 2.9/fonts/type1/urw/times/utmb8a.pfb><C:/Program Files/MiKTeX 2.9/fo
nts/type1/urw/times/utmr8a.pfb><C:/Program Files/MiKTeX 2.9/fonts/type1/urw/tim
es/utmri8a.pfb>
Output written on report.pdf (91 pages, 3531073 bytes).
PDF statistics:
 423 PDF objects out of 1000 (max. 8388607)
 0 named destinations out of 1000 (max. 500000)
 251 words of extra memory for PDF output out of 10000 (max. 10000000)

